mode: set
seculoc-back/cmd/server/main.go:36.13,59.16 8 0
seculoc-back/cmd/server/main.go:59.16,61.3 1 0
seculoc-back/cmd/server/main.go:63.2,64.16 2 0
seculoc-back/cmd/server/main.go:64.16,66.3 1 0
seculoc-back/cmd/server/main.go:67.2,69.56 2 0
seculoc-back/cmd/server/main.go:69.56,71.3 1 0
seculoc-back/cmd/server/main.go:72.2,79.16 4 0
seculoc-back/cmd/server/main.go:79.16,81.3 1 0
seculoc-back/cmd/server/main.go:83.2,89.76 3 0
seculoc-back/cmd/server/main.go:89.76,91.3 1 0
seculoc-back/cmd/server/main.go:94.19,98.45 3 0
seculoc-back/cmd/server/main.go:98.45,101.3 1 0
seculoc-back/cmd/server/main.go:104.2,105.46 2 0
seculoc-back/docs/docs.go:1583.13,1585.2 1 0
seculoc-back/internal/adapter/storage/local/file_store.go:15.41,17.19 2 0
seculoc-back/internal/adapter/storage/local/file_store.go:17.19,19.3 1 0
seculoc-back/internal/adapter/storage/local/file_store.go:22.2,22.51 1 0
seculoc-back/internal/adapter/storage/local/file_store.go:22.51,24.3 1 0
seculoc-back/internal/adapter/storage/local/file_store.go:26.2,26.42 1 0
seculoc-back/internal/adapter/storage/local/file_store.go:29.75,31.62 2 0
seculoc-back/internal/adapter/storage/local/file_store.go:31.62,33.3 1 0
seculoc-back/internal/adapter/storage/local/file_store.go:34.2,34.22 1 0
seculoc-back/internal/adapter/storage/local/file_store.go:37.58,40.2 2 0
seculoc-back/internal/adapter/storage/local/file_store.go:42.50,46.2 3 0
seculoc-back/internal/adapter/storage/postgres/db.go:20.28,22.2 1 0
seculoc-back/internal/adapter/storage/postgres/db.go:28.46,32.2 1 0
seculoc-back/internal/adapter/storage/postgres/models.go:21.51,22.25 1 0
seculoc-back/internal/adapter/storage/postgres/models.go:23.14,24.22 1 0
seculoc-back/internal/adapter/storage/postgres/models.go:25.14,26.22 1 0
seculoc-back/internal/adapter/storage/postgres/models.go:27.10,28.70 1 0
seculoc-back/internal/adapter/storage/postgres/models.go:30.2,30.12 1 0
seculoc-back/internal/adapter/storage/postgres/models.go:39.58,40.18 1 0
seculoc-back/internal/adapter/storage/postgres/models.go:40.18,43.3 2 0
seculoc-back/internal/adapter/storage/postgres/models.go:44.2,45.35 2 0
seculoc-back/internal/adapter/storage/postgres/models.go:49.57,50.15 1 0
seculoc-back/internal/adapter/storage/postgres/models.go:50.15,52.3 1 0
seculoc-back/internal/adapter/storage/postgres/models.go:53.2,53.36 1 0
seculoc-back/internal/adapter/storage/postgres/models.go:65.52,66.25 1 0
seculoc-back/internal/adapter/storage/postgres/models.go:67.14,68.23 1 0
seculoc-back/internal/adapter/storage/postgres/models.go:69.14,70.23 1 0
seculoc-back/internal/adapter/storage/postgres/models.go:71.10,72.71 1 0
seculoc-back/internal/adapter/storage/postgres/models.go:74.2,74.12 1 0
seculoc-back/internal/adapter/storage/postgres/models.go:83.59,84.18 1 0
seculoc-back/internal/adapter/storage/postgres/models.go:84.18,87.3 2 0
seculoc-back/internal/adapter/storage/postgres/models.go:88.2,89.36 2 0
seculoc-back/internal/adapter/storage/postgres/models.go:93.58,94.15 1 0
seculoc-back/internal/adapter/storage/postgres/models.go:94.15,96.3 1 0
seculoc-back/internal/adapter/storage/postgres/models.go:97.2,97.37 1 0
seculoc-back/internal/adapter/storage/postgres/models.go:107.52,108.25 1 0
seculoc-back/internal/adapter/storage/postgres/models.go:109.14,110.23 1 0
seculoc-back/internal/adapter/storage/postgres/models.go:111.14,112.23 1 0
seculoc-back/internal/adapter/storage/postgres/models.go:113.10,114.71 1 0
seculoc-back/internal/adapter/storage/postgres/models.go:116.2,116.12 1 0
seculoc-back/internal/adapter/storage/postgres/models.go:125.59,126.18 1 0
seculoc-back/internal/adapter/storage/postgres/models.go:126.18,129.3 2 0
seculoc-back/internal/adapter/storage/postgres/models.go:130.2,131.36 2 0
seculoc-back/internal/adapter/storage/postgres/models.go:135.58,136.15 1 0
seculoc-back/internal/adapter/storage/postgres/models.go:136.15,138.3 1 0
seculoc-back/internal/adapter/storage/postgres/models.go:139.2,139.37 1 0
seculoc-back/internal/adapter/storage/postgres/models.go:152.54,153.25 1 0
seculoc-back/internal/adapter/storage/postgres/models.go:154.14,155.25 1 0
seculoc-back/internal/adapter/storage/postgres/models.go:156.14,157.25 1 0
seculoc-back/internal/adapter/storage/postgres/models.go:158.10,159.73 1 0
seculoc-back/internal/adapter/storage/postgres/models.go:161.2,161.12 1 0
seculoc-back/internal/adapter/storage/postgres/models.go:170.61,171.18 1 0
seculoc-back/internal/adapter/storage/postgres/models.go:171.18,174.3 2 0
seculoc-back/internal/adapter/storage/postgres/models.go:175.2,176.38 2 0
seculoc-back/internal/adapter/storage/postgres/models.go:180.60,181.15 1 0
seculoc-back/internal/adapter/storage/postgres/models.go:181.15,183.3 1 0
seculoc-back/internal/adapter/storage/postgres/models.go:184.2,184.39 1 0
seculoc-back/internal/adapter/storage/postgres/models.go:195.47,196.25 1 0
seculoc-back/internal/adapter/storage/postgres/models.go:197.14,198.18 1 0
seculoc-back/internal/adapter/storage/postgres/models.go:199.14,200.18 1 0
seculoc-back/internal/adapter/storage/postgres/models.go:201.10,202.66 1 0
seculoc-back/internal/adapter/storage/postgres/models.go:204.2,204.12 1 0
seculoc-back/internal/adapter/storage/postgres/models.go:213.54,214.18 1 0
seculoc-back/internal/adapter/storage/postgres/models.go:214.18,217.3 2 0
seculoc-back/internal/adapter/storage/postgres/models.go:218.2,219.31 2 0
seculoc-back/internal/adapter/storage/postgres/models.go:223.53,224.15 1 0
seculoc-back/internal/adapter/storage/postgres/models.go:224.15,226.3 1 0
seculoc-back/internal/adapter/storage/postgres/models.go:227.2,227.32 1 0
seculoc-back/internal/adapter/storage/postgres/models.go:237.48,238.25 1 0
seculoc-back/internal/adapter/storage/postgres/models.go:239.14,240.19 1 0
seculoc-back/internal/adapter/storage/postgres/models.go:241.14,242.19 1 0
seculoc-back/internal/adapter/storage/postgres/models.go:243.10,244.67 1 0
seculoc-back/internal/adapter/storage/postgres/models.go:246.2,246.12 1 0
seculoc-back/internal/adapter/storage/postgres/models.go:255.55,256.18 1 0
seculoc-back/internal/adapter/storage/postgres/models.go:256.18,259.3 2 0
seculoc-back/internal/adapter/storage/postgres/models.go:260.2,261.32 2 0
seculoc-back/internal/adapter/storage/postgres/models.go:265.54,266.15 1 0
seculoc-back/internal/adapter/storage/postgres/models.go:266.15,268.3 1 0
seculoc-back/internal/adapter/storage/postgres/models.go:269.2,269.33 1 0
seculoc-back/internal/adapter/storage/postgres/query.sql.go:20.76,23.2 2 0
seculoc-back/internal/adapter/storage/postgres/query.sql.go:31.70,34.2 2 0
seculoc-back/internal/adapter/storage/postgres/query.sql.go:41.99,46.2 4 0
seculoc-back/internal/adapter/storage/postgres/query.sql.go:53.97,58.2 4 0
seculoc-back/internal/adapter/storage/postgres/query.sql.go:65.99,70.2 4 0
seculoc-back/internal/adapter/storage/postgres/query.sql.go:82.126,87.2 4 0
seculoc-back/internal/adapter/storage/postgres/query.sql.go:105.126,122.2 4 0
seculoc-back/internal/adapter/storage/postgres/query.sql.go:138.110,158.2 4 0
seculoc-back/internal/adapter/storage/postgres/query.sql.go:177.90,200.2 4 0
seculoc-back/internal/adapter/storage/postgres/query.sql.go:224.99,255.2 4 0
seculoc-back/internal/adapter/storage/postgres/query.sql.go:274.114,297.2 4 0
seculoc-back/internal/adapter/storage/postgres/query.sql.go:317.111,339.2 4 0
seculoc-back/internal/adapter/storage/postgres/query.sql.go:364.87,388.2 4 0
seculoc-back/internal/adapter/storage/postgres/query.sql.go:396.80,399.2 2 0
seculoc-back/internal/adapter/storage/postgres/query.sql.go:406.100,420.2 4 0
seculoc-back/internal/adapter/storage/postgres/query.sql.go:427.74,444.2 4 0
seculoc-back/internal/adapter/storage/postgres/query.sql.go:451.80,471.2 4 0
seculoc-back/internal/adapter/storage/postgres/query.sql.go:478.89,498.2 4 0
seculoc-back/internal/adapter/storage/postgres/query.sql.go:505.94,522.2 4 0
seculoc-back/internal/adapter/storage/postgres/query.sql.go:552.119,571.2 4 0
seculoc-back/internal/adapter/storage/postgres/query.sql.go:578.83,595.2 4 0
seculoc-back/internal/adapter/storage/postgres/query.sql.go:602.76,619.2 4 0
seculoc-back/internal/adapter/storage/postgres/query.sql.go:626.96,631.2 4 0
seculoc-back/internal/adapter/storage/postgres/query.sql.go:638.105,643.2 4 0
seculoc-back/internal/adapter/storage/postgres/query.sql.go:650.81,667.2 4 0
seculoc-back/internal/adapter/storage/postgres/query.sql.go:676.102,691.2 4 0
seculoc-back/internal/adapter/storage/postgres/query.sql.go:700.98,705.2 4 0
seculoc-back/internal/adapter/storage/postgres/query.sql.go:713.80,716.2 2 0
seculoc-back/internal/adapter/storage/postgres/query.sql.go:743.114,745.16 2 0
seculoc-back/internal/adapter/storage/postgres/query.sql.go:745.16,747.3 1 0
seculoc-back/internal/adapter/storage/postgres/query.sql.go:748.2,750.18 3 0
seculoc-back/internal/adapter/storage/postgres/query.sql.go:750.18,765.17 2 0
seculoc-back/internal/adapter/storage/postgres/query.sql.go:765.17,767.4 1 0
seculoc-back/internal/adapter/storage/postgres/query.sql.go:768.3,768.27 1 0
seculoc-back/internal/adapter/storage/postgres/query.sql.go:770.2,770.35 1 0
seculoc-back/internal/adapter/storage/postgres/query.sql.go:770.35,772.3 1 0
seculoc-back/internal/adapter/storage/postgres/query.sql.go:773.2,773.19 1 0
seculoc-back/internal/adapter/storage/postgres/query.sql.go:782.103,784.16 2 0
seculoc-back/internal/adapter/storage/postgres/query.sql.go:784.16,786.3 1 0
seculoc-back/internal/adapter/storage/postgres/query.sql.go:787.2,789.18 3 0
seculoc-back/internal/adapter/storage/postgres/query.sql.go:789.18,806.17 2 0
seculoc-back/internal/adapter/storage/postgres/query.sql.go:806.17,808.4 1 0
seculoc-back/internal/adapter/storage/postgres/query.sql.go:809.3,809.27 1 0
seculoc-back/internal/adapter/storage/postgres/query.sql.go:811.2,811.35 1 0
seculoc-back/internal/adapter/storage/postgres/query.sql.go:811.35,813.3 1 0
seculoc-back/internal/adapter/storage/postgres/query.sql.go:814.2,814.19 1 0
seculoc-back/internal/adapter/storage/postgres/query.sql.go:844.136,846.16 2 0
seculoc-back/internal/adapter/storage/postgres/query.sql.go:846.16,848.3 1 0
seculoc-back/internal/adapter/storage/postgres/query.sql.go:849.2,851.18 3 0
seculoc-back/internal/adapter/storage/postgres/query.sql.go:851.18,869.17 2 0
seculoc-back/internal/adapter/storage/postgres/query.sql.go:869.17,871.4 1 0
seculoc-back/internal/adapter/storage/postgres/query.sql.go:872.3,872.27 1 0
seculoc-back/internal/adapter/storage/postgres/query.sql.go:874.2,874.35 1 0
seculoc-back/internal/adapter/storage/postgres/query.sql.go:874.35,876.3 1 0
seculoc-back/internal/adapter/storage/postgres/query.sql.go:877.2,877.19 1 0
seculoc-back/internal/adapter/storage/postgres/query.sql.go:905.136,907.16 2 0
seculoc-back/internal/adapter/storage/postgres/query.sql.go:907.16,909.3 1 0
seculoc-back/internal/adapter/storage/postgres/query.sql.go:910.2,912.18 3 0
seculoc-back/internal/adapter/storage/postgres/query.sql.go:912.18,929.17 2 0
seculoc-back/internal/adapter/storage/postgres/query.sql.go:929.17,931.4 1 0
seculoc-back/internal/adapter/storage/postgres/query.sql.go:932.3,932.27 1 0
seculoc-back/internal/adapter/storage/postgres/query.sql.go:934.2,934.35 1 0
seculoc-back/internal/adapter/storage/postgres/query.sql.go:934.35,936.3 1 0
seculoc-back/internal/adapter/storage/postgres/query.sql.go:937.2,937.19 1 0
seculoc-back/internal/adapter/storage/postgres/query.sql.go:952.104,957.2 4 0
seculoc-back/internal/adapter/storage/postgres/query.sql.go:970.103,973.2 2 0
seculoc-back/internal/adapter/storage/postgres/query.sql.go:986.93,989.2 2 0
seculoc-back/internal/adapter/storage/postgres/query.sql.go:1002.103,1005.2 2 0
seculoc-back/internal/adapter/storage/postgres/query.sql.go:1037.99,1069.2 4 0
seculoc-back/internal/adapter/storage/postgres/query.sql.go:1084.109,1092.2 2 0
seculoc-back/internal/adapter/storage/postgres/query.sql.go:1105.105,1108.2 2 0
seculoc-back/internal/adapter/storage/postgres/query.sql.go:1128.97,1137.2 2 0
seculoc-back/internal/adapter/storage/postgres/tx.go:15.52,17.2 1 0
seculoc-back/internal/adapter/storage/postgres/tx.go:20.84,22.16 2 0
seculoc-back/internal/adapter/storage/postgres/tx.go:22.16,24.3 1 0
seculoc-back/internal/adapter/storage/postgres/tx.go:27.2,27.15 1 0
seculoc-back/internal/adapter/storage/postgres/tx.go:27.15,28.31 1 0
seculoc-back/internal/adapter/storage/postgres/tx.go:28.31,30.12 2 0
seculoc-back/internal/adapter/storage/postgres/tx.go:31.9,31.24 1 0
seculoc-back/internal/adapter/storage/postgres/tx.go:31.24,33.4 1 0
seculoc-back/internal/adapter/storage/postgres/tx.go:33.9,35.4 1 0
seculoc-back/internal/adapter/storage/postgres/tx.go:38.2,41.12 3 0
seculoc-back/internal/app/app.go:25.65,32.23 4 0
seculoc-back/internal/app/app.go:32.23,34.3 1 0
seculoc-back/internal/app/app.go:36.2,37.16 2 0
seculoc-back/internal/app/app.go:37.16,39.3 1 0
seculoc-back/internal/app/app.go:40.2,56.46 12 0
seculoc-back/internal/app/app.go:56.46,58.3 1 0
seculoc-back/internal/app/app.go:59.2,67.2 5 0
seculoc-back/internal/app/app.go:67.2,73.3 5 0
seculoc-back/internal/app/app.go:73.3,76.4 2 0
seculoc-back/internal/app/app.go:79.3,81.3 3 0
seculoc-back/internal/app/app.go:81.3,106.4 15 0
seculoc-back/internal/app/app.go:110.2,110.40 1 0
seculoc-back/internal/app/app.go:110.40,112.3 1 0
seculoc-back/internal/app/app.go:115.2,118.10 3 0
seculoc-back/internal/platform/email/sender.go:18.62,20.2 1 0
seculoc-back/internal/platform/email/sender.go:22.91,29.2 5 0
seculoc-back/internal/platform/logger/logger.go:19.23,20.17 1 0
seculoc-back/internal/platform/logger/logger.go:20.17,30.26 8 0
seculoc-back/internal/platform/logger/logger.go:30.26,33.4 2 0
seculoc-back/internal/platform/logger/logger.go:33.9,37.4 3 0
seculoc-back/internal/platform/logger/logger.go:39.3,47.17 5 0
seculoc-back/internal/platform/logger/logger.go:47.17,48.14 1 0
seculoc-back/internal/platform/logger/logger.go:54.24,55.19 1 0
seculoc-back/internal/platform/logger/logger.go:55.19,59.3 1 0
seculoc-back/internal/platform/logger/logger.go:60.2,60.15 1 0
seculoc-back/internal/platform/logger/logger.go:64.32,66.2 1 0
seculoc-back/internal/platform/logger/logger.go:69.46,71.2 1 0
seculoc-back/internal/platform/logger/logger.go:74.13,75.19 1 0
seculoc-back/internal/platform/logger/logger.go:75.19,77.3 1 0
seculoc-back/internal/platform/logger/logger.go:81.51,82.16 1 0
seculoc-back/internal/platform/logger/logger.go:82.16,84.3 1 0
seculoc-back/internal/platform/logger/logger.go:86.2,86.52 1 0
seculoc-back/internal/platform/logger/logger.go:86.52,88.3 1 0
seculoc-back/internal/platform/logger/logger.go:89.2,89.14 1 0
seculoc-back/cmd/server/main.go:36.13,59.16 8 0
seculoc-back/cmd/server/main.go:59.16,61.3 1 0
seculoc-back/cmd/server/main.go:63.2,64.16 2 0
seculoc-back/cmd/server/main.go:64.16,66.3 1 0
seculoc-back/cmd/server/main.go:67.2,69.56 2 0
seculoc-back/cmd/server/main.go:69.56,71.3 1 0
seculoc-back/cmd/server/main.go:72.2,79.16 4 0
seculoc-back/cmd/server/main.go:79.16,81.3 1 0
seculoc-back/cmd/server/main.go:83.2,89.76 3 0
seculoc-back/cmd/server/main.go:89.76,91.3 1 0
seculoc-back/cmd/server/main.go:94.19,98.45 3 0
seculoc-back/cmd/server/main.go:98.45,101.3 1 0
seculoc-back/cmd/server/main.go:104.2,105.46 2 0
seculoc-back/docs/docs.go:1583.13,1585.2 1 0
seculoc-back/internal/adapter/http/handler/invitation.go:17.72,19.2 1 0
seculoc-back/internal/adapter/http/handler/invitation.go:36.58,41.13 3 0
seculoc-back/internal/adapter/http/handler/invitation.go:41.13,44.3 2 0
seculoc-back/internal/adapter/http/handler/invitation.go:58.2,59.28 2 0
seculoc-back/internal/adapter/http/handler/invitation.go:60.11,61.17 1 0
seculoc-back/internal/adapter/http/handler/invitation.go:62.15,63.17 1 0
seculoc-back/internal/adapter/http/handler/invitation.go:64.13,65.10 1 0
seculoc-back/internal/adapter/http/handler/invitation.go:66.10,69.9 3 0
seculoc-back/internal/adapter/http/handler/invitation.go:72.2,73.47 2 0
seculoc-back/internal/adapter/http/handler/invitation.go:73.47,76.3 2 0
seculoc-back/internal/adapter/http/handler/invitation.go:78.2,79.16 2 0
seculoc-back/internal/adapter/http/handler/invitation.go:79.16,83.3 3 0
seculoc-back/internal/adapter/http/handler/invitation.go:85.2,85.85 1 0
seculoc-back/internal/adapter/http/handler/invitation.go:102.62,106.13 3 0
seculoc-back/internal/adapter/http/handler/invitation.go:106.13,109.3 2 0
seculoc-back/internal/adapter/http/handler/invitation.go:111.2,112.28 2 0
seculoc-back/internal/adapter/http/handler/invitation.go:113.11,114.17 1 0
seculoc-back/internal/adapter/http/handler/invitation.go:115.15,116.17 1 0
seculoc-back/internal/adapter/http/handler/invitation.go:117.13,118.10 1 0
seculoc-back/internal/adapter/http/handler/invitation.go:119.10,122.9 3 0
seculoc-back/internal/adapter/http/handler/invitation.go:125.2,126.47 2 0
seculoc-back/internal/adapter/http/handler/invitation.go:126.47,129.3 2 0
seculoc-back/internal/adapter/http/handler/invitation.go:131.2,132.16 2 0
seculoc-back/internal/adapter/http/handler/invitation.go:132.16,136.3 3 0
seculoc-back/internal/adapter/http/handler/invitation.go:138.2,138.64 1 0
seculoc-back/internal/adapter/http/handler/invitation.go:151.59,155.17 3 0
seculoc-back/internal/adapter/http/handler/invitation.go:155.17,158.3 2 0
seculoc-back/internal/adapter/http/handler/invitation.go:160.2,161.16 2 0
seculoc-back/internal/adapter/http/handler/invitation.go:161.16,165.3 3 0
seculoc-back/internal/adapter/http/handler/invitation.go:167.2,167.32 1 0
seculoc-back/internal/adapter/http/handler/lease.go:18.63,20.2 1 0
seculoc-back/internal/adapter/http/handler/lease.go:33.45,36.9 2 0
seculoc-back/internal/adapter/http/handler/lease.go:36.9,39.3 2 0
seculoc-back/internal/adapter/http/handler/lease.go:42.2,43.16 2 0
seculoc-back/internal/adapter/http/handler/lease.go:43.16,46.3 2 0
seculoc-back/internal/adapter/http/handler/lease.go:49.2,49.31 1 0
seculoc-back/internal/adapter/http/handler/lease.go:63.49,66.16 3 0
seculoc-back/internal/adapter/http/handler/lease.go:66.16,69.3 2 0
seculoc-back/internal/adapter/http/handler/lease.go:77.2,78.16 2 0
seculoc-back/internal/adapter/http/handler/lease.go:78.16,81.3 2 0
seculoc-back/internal/adapter/http/handler/lease.go:83.2,84.60 2 0
seculoc-back/internal/adapter/http/handler/property.go:20.72,22.2 1 0
seculoc-back/internal/adapter/http/handler/property.go:78.50,83.9 3 0
seculoc-back/internal/adapter/http/handler/property.go:83.9,86.3 2 0
seculoc-back/internal/adapter/http/handler/property.go:88.2,89.47 2 0
seculoc-back/internal/adapter/http/handler/property.go:89.47,92.3 2 0
seculoc-back/internal/adapter/http/handler/property.go:94.2,95.16 2 0
seculoc-back/internal/adapter/http/handler/property.go:95.16,98.3 2 0
seculoc-back/internal/adapter/http/handler/property.go:100.2,101.16 2 0
seculoc-back/internal/adapter/http/handler/property.go:101.16,102.64 1 0
seculoc-back/internal/adapter/http/handler/property.go:102.64,105.4 2 0
seculoc-back/internal/adapter/http/handler/property.go:106.3,108.9 3 0
seculoc-back/internal/adapter/http/handler/property.go:111.2,134.4 7 0
seculoc-back/internal/adapter/http/handler/property.go:146.48,148.9 2 0
seculoc-back/internal/adapter/http/handler/property.go:148.9,151.3 2 0
seculoc-back/internal/adapter/http/handler/property.go:153.2,154.16 2 0
seculoc-back/internal/adapter/http/handler/property.go:154.16,157.3 2 0
seculoc-back/internal/adapter/http/handler/property.go:159.2,159.30 1 0
seculoc-back/internal/adapter/http/handler/property.go:187.50,191.9 3 0
seculoc-back/internal/adapter/http/handler/property.go:191.9,194.3 2 0
seculoc-back/internal/adapter/http/handler/property.go:196.2,198.16 3 0
seculoc-back/internal/adapter/http/handler/property.go:198.16,201.3 2 0
seculoc-back/internal/adapter/http/handler/property.go:203.2,204.47 2 0
seculoc-back/internal/adapter/http/handler/property.go:204.47,207.3 2 0
seculoc-back/internal/adapter/http/handler/property.go:209.2,210.24 2 0
seculoc-back/internal/adapter/http/handler/property.go:210.24,212.17 2 0
seculoc-back/internal/adapter/http/handler/property.go:212.17,215.4 2 0
seculoc-back/internal/adapter/http/handler/property.go:216.3,216.18 1 0
seculoc-back/internal/adapter/http/handler/property.go:219.2,220.16 2 0
seculoc-back/internal/adapter/http/handler/property.go:220.16,222.59 2 0
seculoc-back/internal/adapter/http/handler/property.go:222.59,225.4 2 0
seculoc-back/internal/adapter/http/handler/property.go:226.3,227.9 2 0
seculoc-back/internal/adapter/http/handler/property.go:230.2,253.4 7 0
seculoc-back/internal/adapter/http/handler/property.go:256.50,260.9 3 0
seculoc-back/internal/adapter/http/handler/property.go:260.9,263.3 2 0
seculoc-back/internal/adapter/http/handler/property.go:265.2,267.16 3 0
seculoc-back/internal/adapter/http/handler/property.go:267.16,270.3 2 0
seculoc-back/internal/adapter/http/handler/property.go:272.2,273.16 2 0
seculoc-back/internal/adapter/http/handler/property.go:273.16,275.59 2 0
seculoc-back/internal/adapter/http/handler/property.go:275.59,278.4 2 0
seculoc-back/internal/adapter/http/handler/property.go:279.3,280.9 2 0
seculoc-back/internal/adapter/http/handler/property.go:283.2,283.32 1 0
seculoc-back/internal/adapter/http/handler/solvency.go:18.72,20.2 1 0
seculoc-back/internal/adapter/http/handler/solvency.go:56.55,58.9 2 0
seculoc-back/internal/adapter/http/handler/solvency.go:58.9,61.3 2 0
seculoc-back/internal/adapter/http/handler/solvency.go:63.2,64.44 2 0
seculoc-back/internal/adapter/http/handler/solvency.go:64.44,66.3 1 0
seculoc-back/internal/adapter/http/handler/solvency.go:68.2,76.16 2 0
seculoc-back/internal/adapter/http/handler/solvency.go:76.16,77.62 1 0
seculoc-back/internal/adapter/http/handler/solvency.go:77.62,87.4 2 0
seculoc-back/internal/adapter/http/handler/solvency.go:88.3,89.9 2 0
seculoc-back/internal/adapter/http/handler/solvency.go:92.2,93.19 2 0
seculoc-back/internal/adapter/http/handler/solvency.go:93.19,95.3 1 0
seculoc-back/internal/adapter/http/handler/solvency.go:96.2,104.4 2 0
seculoc-back/internal/adapter/http/handler/solvency.go:117.54,119.9 2 0
seculoc-back/internal/adapter/http/handler/solvency.go:119.9,122.3 2 0
seculoc-back/internal/adapter/http/handler/solvency.go:124.2,125.21 2 0
seculoc-back/internal/adapter/http/handler/solvency.go:125.22,130.3 0 0
seculoc-back/internal/adapter/http/handler/solvency.go:132.2,133.16 2 0
seculoc-back/internal/adapter/http/handler/solvency.go:133.16,136.3 2 0
seculoc-back/internal/adapter/http/handler/solvency.go:138.2,139.28 2 0
seculoc-back/internal/adapter/http/handler/solvency.go:139.28,154.3 1 0
seculoc-back/internal/adapter/http/handler/solvency.go:156.2,156.29 1 0
seculoc-back/internal/adapter/http/handler/solvency.go:160.75,161.46 1 0
seculoc-back/internal/adapter/http/handler/solvency.go:161.46,164.3 2 0
seculoc-back/internal/adapter/http/handler/solvency.go:165.2,165.12 1 0
seculoc-back/internal/adapter/http/handler/solvency.go:183.54,185.9 2 0
seculoc-back/internal/adapter/http/handler/solvency.go:185.9,188.3 2 0
seculoc-back/internal/adapter/http/handler/solvency.go:190.2,191.47 2 0
seculoc-back/internal/adapter/http/handler/solvency.go:191.47,194.3 2 0
seculoc-back/internal/adapter/http/handler/solvency.go:196.2,197.16 2 0
seculoc-back/internal/adapter/http/handler/solvency.go:197.16,200.3 2 0
seculoc-back/internal/adapter/http/handler/solvency.go:202.2,202.79 1 0
seculoc-back/internal/adapter/http/handler/solvency.go:226.59,229.16 3 0
seculoc-back/internal/adapter/http/handler/solvency.go:229.16,230.39 1 0
seculoc-back/internal/adapter/http/handler/solvency.go:230.39,232.4 1 0
seculoc-back/internal/adapter/http/handler/solvency.go:232.9,234.4 1 0
seculoc-back/internal/adapter/http/handler/solvency.go:235.3,235.9 1 0
seculoc-back/internal/adapter/http/handler/solvency.go:238.2,247.4 1 0
seculoc-back/internal/adapter/http/handler/solvency.go:265.59,268.44 3 0
seculoc-back/internal/adapter/http/handler/solvency.go:268.44,270.3 1 0
seculoc-back/internal/adapter/http/handler/solvency.go:272.2,273.16 2 0
seculoc-back/internal/adapter/http/handler/solvency.go:273.16,276.3 2 0
seculoc-back/internal/adapter/http/handler/solvency.go:278.2,278.76 1 0
seculoc-back/internal/adapter/http/handler/solvency.go:291.55,293.9 2 0
seculoc-back/internal/adapter/http/handler/solvency.go:293.9,296.3 2 0
seculoc-back/internal/adapter/http/handler/solvency.go:298.2,301.46 2 0
seculoc-back/internal/adapter/http/handler/solvency.go:301.46,304.3 2 0
seculoc-back/internal/adapter/http/handler/solvency.go:306.2,307.16 2 0
seculoc-back/internal/adapter/http/handler/solvency.go:307.16,310.3 2 0
seculoc-back/internal/adapter/http/handler/solvency.go:312.2,312.80 1 0
seculoc-back/internal/adapter/http/handler/subscription.go:19.114,21.2 1 0
seculoc-back/internal/adapter/http/handler/subscription.go:49.57,51.9 2 0
seculoc-back/internal/adapter/http/handler/subscription.go:51.9,54.3 2 0
seculoc-back/internal/adapter/http/handler/subscription.go:56.2,57.47 2 0
seculoc-back/internal/adapter/http/handler/subscription.go:57.47,61.3 3 0
seculoc-back/internal/adapter/http/handler/subscription.go:63.2,64.16 2 0
seculoc-back/internal/adapter/http/handler/subscription.go:64.16,67.3 2 0
seculoc-back/internal/adapter/http/handler/subscription.go:70.2,71.16 2 0
seculoc-back/internal/adapter/http/handler/subscription.go:71.16,76.3 3 0
seculoc-back/internal/adapter/http/handler/subscription.go:78.2,79.16 2 0
seculoc-back/internal/adapter/http/handler/subscription.go:79.16,83.3 3 0
seculoc-back/internal/adapter/http/handler/subscription.go:90.2,98.42 2 0
seculoc-back/internal/adapter/http/handler/subscription.go:98.42,100.3 1 0
seculoc-back/internal/adapter/http/handler/subscription.go:102.2,110.33 5 0
seculoc-back/internal/adapter/http/handler/subscription.go:128.61,130.9 2 0
seculoc-back/internal/adapter/http/handler/subscription.go:130.9,133.3 2 0
seculoc-back/internal/adapter/http/handler/subscription.go:135.2,136.47 2 0
seculoc-back/internal/adapter/http/handler/subscription.go:136.47,140.3 3 0
seculoc-back/internal/adapter/http/handler/subscription.go:142.2,143.16 2 0
seculoc-back/internal/adapter/http/handler/subscription.go:143.16,146.3 2 0
seculoc-back/internal/adapter/http/handler/subscription.go:148.2,148.25 1 0
seculoc-back/internal/adapter/http/handler/user.go:18.60,20.2 1 0
seculoc-back/internal/adapter/http/handler/user.go:41.48,44.47 3 0
seculoc-back/internal/adapter/http/handler/user.go:44.47,48.3 3 0
seculoc-back/internal/adapter/http/handler/user.go:50.2,51.16 2 0
seculoc-back/internal/adapter/http/handler/user.go:51.16,57.3 2 0
seculoc-back/internal/adapter/http/handler/user.go:59.2,59.76 1 0
seculoc-back/internal/adapter/http/handler/user.go:101.45,104.47 3 0
seculoc-back/internal/adapter/http/handler/user.go:104.47,107.3 2 0
seculoc-back/internal/adapter/http/handler/user.go:109.2,110.16 2 0
seculoc-back/internal/adapter/http/handler/user.go:110.16,115.3 3 0
seculoc-back/internal/adapter/http/handler/user.go:118.2,119.16 2 0
seculoc-back/internal/adapter/http/handler/user.go:119.16,123.3 3 0
seculoc-back/internal/adapter/http/handler/user.go:126.2,134.42 2 0
seculoc-back/internal/adapter/http/handler/user.go:134.42,136.3 1 0
seculoc-back/internal/adapter/http/handler/user.go:138.2,146.33 4 0
seculoc-back/internal/adapter/http/handler/user.go:163.53,168.13 3 0
seculoc-back/internal/adapter/http/handler/user.go:168.13,171.3 2 0
seculoc-back/internal/adapter/http/handler/user.go:173.2,174.47 2 0
seculoc-back/internal/adapter/http/handler/user.go:174.47,177.3 2 0
seculoc-back/internal/adapter/http/handler/user.go:180.2,181.16 2 0
seculoc-back/internal/adapter/http/handler/user.go:181.16,186.3 3 0
seculoc-back/internal/adapter/http/handler/user.go:198.2,199.16 2 0
seculoc-back/internal/adapter/http/handler/user.go:199.16,203.3 3 0
seculoc-back/internal/adapter/http/handler/user.go:207.2,215.42 2 0
seculoc-back/internal/adapter/http/handler/user.go:215.42,217.3 1 0
seculoc-back/internal/adapter/http/handler/user.go:219.2,227.33 4 0
seculoc-back/internal/adapter/http/middleware/auth.go:15.39,16.30 1 1
seculoc-back/internal/adapter/http/middleware/auth.go:16.30,18.23 2 1
seculoc-back/internal/adapter/http/middleware/auth.go:18.23,21.4 2 1
seculoc-back/internal/adapter/http/middleware/auth.go:24.3,25.46 2 1
seculoc-back/internal/adapter/http/middleware/auth.go:25.46,28.4 2 1
seculoc-back/internal/adapter/http/middleware/auth.go:30.3,32.17 3 1
seculoc-back/internal/adapter/http/middleware/auth.go:32.17,37.4 4 1
seculoc-back/internal/adapter/http/middleware/auth.go:40.3,48.11 3 1
seculoc-back/internal/adapter/http/middleware/auth.go:53.46,55.13 2 0
seculoc-back/internal/adapter/http/middleware/auth.go:55.13,57.3 1 0
seculoc-back/internal/adapter/http/middleware/auth.go:58.2,59.15 2 0
seculoc-back/internal/adapter/http/middleware/logger.go:20.38,21.30 1 1
seculoc-back/internal/adapter/http/middleware/logger.go:21.30,24.16 2 1
seculoc-back/internal/adapter/http/middleware/logger.go:24.16,26.4 1 1
seculoc-back/internal/adapter/http/middleware/logger.go:27.3,50.16 13 1
seculoc-back/internal/adapter/http/middleware/logger.go:50.16,52.4 1 0
seculoc-back/internal/adapter/http/middleware/logger.go:54.3,68.25 6 1
seculoc-back/internal/adapter/http/middleware/logger.go:68.25,70.4 1 0
seculoc-back/internal/adapter/http/middleware/logger.go:72.3,72.24 1 1
seculoc-back/internal/adapter/http/middleware/logger.go:72.24,74.4 1 0
seculoc-back/internal/adapter/http/middleware/logger.go:74.9,74.31 1 1
seculoc-back/internal/adapter/http/middleware/logger.go:74.31,76.4 1 0
seculoc-back/internal/adapter/http/middleware/logger.go:76.9,78.4 1 1
seculoc-back/internal/adapter/http/middleware/logger.go:83.49,84.16 1 1
seculoc-back/internal/adapter/http/middleware/logger.go:84.16,86.3 1 0
seculoc-back/internal/adapter/http/middleware/logger.go:87.2,87.53 1 1
seculoc-back/internal/adapter/http/middleware/logger.go:87.53,89.3 1 1
seculoc-back/internal/adapter/http/middleware/logger.go:90.2,90.21 1 1
seculoc-back/internal/adapter/storage/local/file_store.go:15.41,17.19 2 0
seculoc-back/internal/adapter/storage/local/file_store.go:17.19,19.3 1 0
seculoc-back/internal/adapter/storage/local/file_store.go:22.2,22.51 1 0
seculoc-back/internal/adapter/storage/local/file_store.go:22.51,24.3 1 0
seculoc-back/internal/adapter/storage/local/file_store.go:26.2,26.42 1 0
seculoc-back/internal/adapter/storage/local/file_store.go:29.75,31.62 2 0
seculoc-back/internal/adapter/storage/local/file_store.go:31.62,33.3 1 0
seculoc-back/internal/adapter/storage/local/file_store.go:34.2,34.22 1 0
seculoc-back/internal/adapter/storage/local/file_store.go:37.58,40.2 2 0
seculoc-back/internal/adapter/storage/local/file_store.go:42.50,46.2 3 0
seculoc-back/internal/adapter/storage/postgres/db.go:20.28,22.2 1 0
seculoc-back/internal/adapter/storage/postgres/db.go:28.46,32.2 1 0
seculoc-back/internal/adapter/storage/postgres/models.go:21.51,22.25 1 0
seculoc-back/internal/adapter/storage/postgres/models.go:23.14,24.22 1 0
seculoc-back/internal/adapter/storage/postgres/models.go:25.14,26.22 1 0
seculoc-back/internal/adapter/storage/postgres/models.go:27.10,28.70 1 0
seculoc-back/internal/adapter/storage/postgres/models.go:30.2,30.12 1 0
seculoc-back/internal/adapter/storage/postgres/models.go:39.58,40.18 1 0
seculoc-back/internal/adapter/storage/postgres/models.go:40.18,43.3 2 0
seculoc-back/internal/adapter/storage/postgres/models.go:44.2,45.35 2 0
seculoc-back/internal/adapter/storage/postgres/models.go:49.57,50.15 1 0
seculoc-back/internal/adapter/storage/postgres/models.go:50.15,52.3 1 0
seculoc-back/internal/adapter/storage/postgres/models.go:53.2,53.36 1 0
seculoc-back/internal/adapter/storage/postgres/models.go:65.52,66.25 1 0
seculoc-back/internal/adapter/storage/postgres/models.go:67.14,68.23 1 0
seculoc-back/internal/adapter/storage/postgres/models.go:69.14,70.23 1 0
seculoc-back/internal/adapter/storage/postgres/models.go:71.10,72.71 1 0
seculoc-back/internal/adapter/storage/postgres/models.go:74.2,74.12 1 0
seculoc-back/internal/adapter/storage/postgres/models.go:83.59,84.18 1 0
seculoc-back/internal/adapter/storage/postgres/models.go:84.18,87.3 2 0
seculoc-back/internal/adapter/storage/postgres/models.go:88.2,89.36 2 0
seculoc-back/internal/adapter/storage/postgres/models.go:93.58,94.15 1 0
seculoc-back/internal/adapter/storage/postgres/models.go:94.15,96.3 1 0
seculoc-back/internal/adapter/storage/postgres/models.go:97.2,97.37 1 0
seculoc-back/internal/adapter/storage/postgres/models.go:107.52,108.25 1 0
seculoc-back/internal/adapter/storage/postgres/models.go:109.14,110.23 1 0
seculoc-back/internal/adapter/storage/postgres/models.go:111.14,112.23 1 0
seculoc-back/internal/adapter/storage/postgres/models.go:113.10,114.71 1 0
seculoc-back/internal/adapter/storage/postgres/models.go:116.2,116.12 1 0
seculoc-back/internal/adapter/storage/postgres/models.go:125.59,126.18 1 0
seculoc-back/internal/adapter/storage/postgres/models.go:126.18,129.3 2 0
seculoc-back/internal/adapter/storage/postgres/models.go:130.2,131.36 2 0
seculoc-back/internal/adapter/storage/postgres/models.go:135.58,136.15 1 0
seculoc-back/internal/adapter/storage/postgres/models.go:136.15,138.3 1 0
seculoc-back/internal/adapter/storage/postgres/models.go:139.2,139.37 1 0
seculoc-back/internal/adapter/storage/postgres/models.go:152.54,153.25 1 0
seculoc-back/internal/adapter/storage/postgres/models.go:154.14,155.25 1 0
seculoc-back/internal/adapter/storage/postgres/models.go:156.14,157.25 1 0
seculoc-back/internal/adapter/storage/postgres/models.go:158.10,159.73 1 0
seculoc-back/internal/adapter/storage/postgres/models.go:161.2,161.12 1 0
seculoc-back/internal/adapter/storage/postgres/models.go:170.61,171.18 1 0
seculoc-back/internal/adapter/storage/postgres/models.go:171.18,174.3 2 0
seculoc-back/internal/adapter/storage/postgres/models.go:175.2,176.38 2 0
seculoc-back/internal/adapter/storage/postgres/models.go:180.60,181.15 1 0
seculoc-back/internal/adapter/storage/postgres/models.go:181.15,183.3 1 0
seculoc-back/internal/adapter/storage/postgres/models.go:184.2,184.39 1 0
seculoc-back/internal/adapter/storage/postgres/models.go:195.47,196.25 1 0
seculoc-back/internal/adapter/storage/postgres/models.go:197.14,198.18 1 0
seculoc-back/internal/adapter/storage/postgres/models.go:199.14,200.18 1 0
seculoc-back/internal/adapter/storage/postgres/models.go:201.10,202.66 1 0
seculoc-back/internal/adapter/storage/postgres/models.go:204.2,204.12 1 0
seculoc-back/internal/adapter/storage/postgres/models.go:213.54,214.18 1 0
seculoc-back/internal/adapter/storage/postgres/models.go:214.18,217.3 2 0
seculoc-back/internal/adapter/storage/postgres/models.go:218.2,219.31 2 0
seculoc-back/internal/adapter/storage/postgres/models.go:223.53,224.15 1 0
seculoc-back/internal/adapter/storage/postgres/models.go:224.15,226.3 1 0
seculoc-back/internal/adapter/storage/postgres/models.go:227.2,227.32 1 0
seculoc-back/internal/adapter/storage/postgres/models.go:237.48,238.25 1 0
seculoc-back/internal/adapter/storage/postgres/models.go:239.14,240.19 1 0
seculoc-back/internal/adapter/storage/postgres/models.go:241.14,242.19 1 0
seculoc-back/internal/adapter/storage/postgres/models.go:243.10,244.67 1 0
seculoc-back/internal/adapter/storage/postgres/models.go:246.2,246.12 1 0
seculoc-back/internal/adapter/storage/postgres/models.go:255.55,256.18 1 0
seculoc-back/internal/adapter/storage/postgres/models.go:256.18,259.3 2 0
seculoc-back/internal/adapter/storage/postgres/models.go:260.2,261.32 2 0
seculoc-back/internal/adapter/storage/postgres/models.go:265.54,266.15 1 0
seculoc-back/internal/adapter/storage/postgres/models.go:266.15,268.3 1 0
seculoc-back/internal/adapter/storage/postgres/models.go:269.2,269.33 1 0
seculoc-back/internal/adapter/storage/postgres/query.sql.go:20.76,23.2 2 0
seculoc-back/internal/adapter/storage/postgres/query.sql.go:31.70,34.2 2 0
seculoc-back/internal/adapter/storage/postgres/query.sql.go:41.99,46.2 4 0
seculoc-back/internal/adapter/storage/postgres/query.sql.go:53.97,58.2 4 0
seculoc-back/internal/adapter/storage/postgres/query.sql.go:65.99,70.2 4 0
seculoc-back/internal/adapter/storage/postgres/query.sql.go:82.126,87.2 4 0
seculoc-back/internal/adapter/storage/postgres/query.sql.go:105.126,122.2 4 0
seculoc-back/internal/adapter/storage/postgres/query.sql.go:138.110,158.2 4 0
seculoc-back/internal/adapter/storage/postgres/query.sql.go:177.90,200.2 4 0
seculoc-back/internal/adapter/storage/postgres/query.sql.go:224.99,255.2 4 0
seculoc-back/internal/adapter/storage/postgres/query.sql.go:274.114,297.2 4 0
seculoc-back/internal/adapter/storage/postgres/query.sql.go:317.111,339.2 4 0
seculoc-back/internal/adapter/storage/postgres/query.sql.go:364.87,388.2 4 0
seculoc-back/internal/adapter/storage/postgres/query.sql.go:396.80,399.2 2 0
seculoc-back/internal/adapter/storage/postgres/query.sql.go:406.100,420.2 4 0
seculoc-back/internal/adapter/storage/postgres/query.sql.go:427.74,444.2 4 0
seculoc-back/internal/adapter/storage/postgres/query.sql.go:451.80,471.2 4 0
seculoc-back/internal/adapter/storage/postgres/query.sql.go:478.89,498.2 4 0
seculoc-back/internal/adapter/storage/postgres/query.sql.go:505.94,522.2 4 0
seculoc-back/internal/adapter/storage/postgres/query.sql.go:552.119,571.2 4 0
seculoc-back/internal/adapter/storage/postgres/query.sql.go:578.83,595.2 4 0
seculoc-back/internal/adapter/storage/postgres/query.sql.go:602.76,619.2 4 0
seculoc-back/internal/adapter/storage/postgres/query.sql.go:626.96,631.2 4 0
seculoc-back/internal/adapter/storage/postgres/query.sql.go:638.105,643.2 4 0
seculoc-back/internal/adapter/storage/postgres/query.sql.go:650.81,667.2 4 0
seculoc-back/internal/adapter/storage/postgres/query.sql.go:676.102,691.2 4 0
seculoc-back/internal/adapter/storage/postgres/query.sql.go:700.98,705.2 4 0
seculoc-back/internal/adapter/storage/postgres/query.sql.go:713.80,716.2 2 0
seculoc-back/internal/adapter/storage/postgres/query.sql.go:743.114,745.16 2 0
seculoc-back/internal/adapter/storage/postgres/query.sql.go:745.16,747.3 1 0
seculoc-back/internal/adapter/storage/postgres/query.sql.go:748.2,750.18 3 0
seculoc-back/internal/adapter/storage/postgres/query.sql.go:750.18,765.17 2 0
seculoc-back/internal/adapter/storage/postgres/query.sql.go:765.17,767.4 1 0
seculoc-back/internal/adapter/storage/postgres/query.sql.go:768.3,768.27 1 0
seculoc-back/internal/adapter/storage/postgres/query.sql.go:770.2,770.35 1 0
seculoc-back/internal/adapter/storage/postgres/query.sql.go:770.35,772.3 1 0
seculoc-back/internal/adapter/storage/postgres/query.sql.go:773.2,773.19 1 0
seculoc-back/internal/adapter/storage/postgres/query.sql.go:782.103,784.16 2 0
seculoc-back/internal/adapter/storage/postgres/query.sql.go:784.16,786.3 1 0
seculoc-back/internal/adapter/storage/postgres/query.sql.go:787.2,789.18 3 0
seculoc-back/internal/adapter/storage/postgres/query.sql.go:789.18,806.17 2 0
seculoc-back/internal/adapter/storage/postgres/query.sql.go:806.17,808.4 1 0
seculoc-back/internal/adapter/storage/postgres/query.sql.go:809.3,809.27 1 0
seculoc-back/internal/adapter/storage/postgres/query.sql.go:811.2,811.35 1 0
seculoc-back/internal/adapter/storage/postgres/query.sql.go:811.35,813.3 1 0
seculoc-back/internal/adapter/storage/postgres/query.sql.go:814.2,814.19 1 0
seculoc-back/internal/adapter/storage/postgres/query.sql.go:844.136,846.16 2 0
seculoc-back/internal/adapter/storage/postgres/query.sql.go:846.16,848.3 1 0
seculoc-back/internal/adapter/storage/postgres/query.sql.go:849.2,851.18 3 0
seculoc-back/internal/adapter/storage/postgres/query.sql.go:851.18,869.17 2 0
seculoc-back/internal/adapter/storage/postgres/query.sql.go:869.17,871.4 1 0
seculoc-back/internal/adapter/storage/postgres/query.sql.go:872.3,872.27 1 0
seculoc-back/internal/adapter/storage/postgres/query.sql.go:874.2,874.35 1 0
seculoc-back/internal/adapter/storage/postgres/query.sql.go:874.35,876.3 1 0
seculoc-back/internal/adapter/storage/postgres/query.sql.go:877.2,877.19 1 0
seculoc-back/internal/adapter/storage/postgres/query.sql.go:905.136,907.16 2 0
seculoc-back/internal/adapter/storage/postgres/query.sql.go:907.16,909.3 1 0
seculoc-back/internal/adapter/storage/postgres/query.sql.go:910.2,912.18 3 0
seculoc-back/internal/adapter/storage/postgres/query.sql.go:912.18,929.17 2 0
seculoc-back/internal/adapter/storage/postgres/query.sql.go:929.17,931.4 1 0
seculoc-back/internal/adapter/storage/postgres/query.sql.go:932.3,932.27 1 0
seculoc-back/internal/adapter/storage/postgres/query.sql.go:934.2,934.35 1 0
seculoc-back/internal/adapter/storage/postgres/query.sql.go:934.35,936.3 1 0
seculoc-back/internal/adapter/storage/postgres/query.sql.go:937.2,937.19 1 0
seculoc-back/internal/adapter/storage/postgres/query.sql.go:952.104,957.2 4 0
seculoc-back/internal/adapter/storage/postgres/query.sql.go:970.103,973.2 2 0
seculoc-back/internal/adapter/storage/postgres/query.sql.go:986.93,989.2 2 0
seculoc-back/internal/adapter/storage/postgres/query.sql.go:1002.103,1005.2 2 0
seculoc-back/internal/adapter/storage/postgres/query.sql.go:1037.99,1069.2 4 0
seculoc-back/internal/adapter/storage/postgres/query.sql.go:1084.109,1092.2 2 0
seculoc-back/internal/adapter/storage/postgres/query.sql.go:1105.105,1108.2 2 0
seculoc-back/internal/adapter/storage/postgres/query.sql.go:1128.97,1137.2 2 0
seculoc-back/internal/adapter/storage/postgres/tx.go:15.52,17.2 1 0
seculoc-back/internal/adapter/storage/postgres/tx.go:20.84,22.16 2 0
seculoc-back/internal/adapter/storage/postgres/tx.go:22.16,24.3 1 0
seculoc-back/internal/adapter/storage/postgres/tx.go:27.2,27.15 1 0
seculoc-back/internal/adapter/storage/postgres/tx.go:27.15,28.31 1 0
seculoc-back/internal/adapter/storage/postgres/tx.go:28.31,30.12 2 0
seculoc-back/internal/adapter/storage/postgres/tx.go:31.9,31.24 1 0
seculoc-back/internal/adapter/storage/postgres/tx.go:31.24,33.4 1 0
seculoc-back/internal/adapter/storage/postgres/tx.go:33.9,35.4 1 0
seculoc-back/internal/adapter/storage/postgres/tx.go:38.2,41.12 3 0
seculoc-back/internal/app/app.go:25.65,32.23 4 0
seculoc-back/internal/app/app.go:32.23,34.3 1 0
seculoc-back/internal/app/app.go:36.2,37.16 2 0
seculoc-back/internal/app/app.go:37.16,39.3 1 0
seculoc-back/internal/app/app.go:40.2,56.46 12 0
seculoc-back/internal/app/app.go:56.46,58.3 1 0
seculoc-back/internal/app/app.go:59.2,67.2 5 0
seculoc-back/internal/app/app.go:67.2,73.3 5 0
seculoc-back/internal/app/app.go:73.3,76.4 2 0
seculoc-back/internal/app/app.go:79.3,81.3 3 0
seculoc-back/internal/app/app.go:81.3,106.4 15 0
seculoc-back/internal/app/app.go:110.2,110.40 1 0
seculoc-back/internal/app/app.go:110.40,112.3 1 0
seculoc-back/internal/app/app.go:115.2,118.10 3 0
seculoc-back/internal/core/service/invitation.go:19.44,21.44 2 0
seculoc-back/internal/core/service/invitation.go:21.44,23.3 1 0
seculoc-back/internal/core/service/invitation.go:24.2,24.39 1 0
seculoc-back/internal/core/service/invitation.go:28.139,36.16 4 0
seculoc-back/internal/core/service/invitation.go:36.16,38.3 1 0
seculoc-back/internal/core/service/invitation.go:40.2,40.63 1 0
seculoc-back/internal/core/service/invitation.go:40.63,43.17 2 0
seculoc-back/internal/core/service/invitation.go:43.17,45.4 1 0
seculoc-back/internal/core/service/invitation.go:46.3,46.36 1 0
seculoc-back/internal/core/service/invitation.go:46.36,48.4 1 0
seculoc-back/internal/core/service/invitation.go:52.3,63.17 4 0
seculoc-back/internal/core/service/invitation.go:63.17,66.4 2 0
seculoc-back/internal/core/service/invitation.go:67.3,67.13 1 0
seculoc-back/internal/core/service/invitation.go:70.2,70.16 1 0
seculoc-back/internal/core/service/invitation.go:70.16,72.3 1 0
seculoc-back/internal/core/service/invitation.go:75.2,77.16 3 0
seculoc-back/internal/core/service/invitation.go:77.16,80.3 1 0
seculoc-back/internal/core/service/invitation.go:82.2,84.25 2 0
seculoc-back/internal/core/service/invitation.go:88.95,91.64 2 0
seculoc-back/internal/core/service/invitation.go:91.64,94.17 2 0
seculoc-back/internal/core/service/invitation.go:94.17,95.28 1 0
seculoc-back/internal/core/service/invitation.go:95.28,97.5 1 0
seculoc-back/internal/core/service/invitation.go:98.4,98.14 1 0
seculoc-back/internal/core/service/invitation.go:102.3,102.37 1 0
seculoc-back/internal/core/service/invitation.go:102.37,104.4 1 0
seculoc-back/internal/core/service/invitation.go:106.3,106.44 1 0
seculoc-back/internal/core/service/invitation.go:106.44,108.4 1 0
seculoc-back/internal/core/service/invitation.go:111.3,112.17 2 0
seculoc-back/internal/core/service/invitation.go:112.17,114.4 1 0
seculoc-back/internal/core/service/invitation.go:117.3,124.17 2 0
seculoc-back/internal/core/service/invitation.go:124.17,126.4 1 0
seculoc-back/internal/core/service/invitation.go:127.3,135.13 3 0
seculoc-back/internal/core/service/invitation.go:138.2,138.16 1 0
seculoc-back/internal/core/service/invitation.go:138.16,140.3 1 0
seculoc-back/internal/core/service/invitation.go:143.2,143.18 1 0
seculoc-back/internal/core/service/invitation.go:143.18,144.70 1 0
seculoc-back/internal/core/service/invitation.go:144.70,147.4 1 0
seculoc-back/internal/core/service/invitation.go:150.2,150.12 1 0
seculoc-back/internal/core/service/invitation.go:163.110,166.64 2 0
seculoc-back/internal/core/service/invitation.go:166.64,169.17 2 0
seculoc-back/internal/core/service/invitation.go:169.17,171.4 1 0
seculoc-back/internal/core/service/invitation.go:173.3,173.37 1 0
seculoc-back/internal/core/service/invitation.go:173.37,175.4 1 0
seculoc-back/internal/core/service/invitation.go:176.3,176.44 1 0
seculoc-back/internal/core/service/invitation.go:176.44,178.4 1 0
seculoc-back/internal/core/service/invitation.go:180.3,184.17 3 0
seculoc-back/internal/core/service/invitation.go:184.17,186.4 1 0
seculoc-back/internal/core/service/invitation.go:187.3,195.17 7 0
seculoc-back/internal/core/service/invitation.go:195.17,197.4 1 0
seculoc-back/internal/core/service/invitation.go:198.3,200.13 2 0
seculoc-back/internal/core/service/invitation.go:203.2,203.16 1 0
seculoc-back/internal/core/service/invitation.go:203.16,205.3 1 0
seculoc-back/internal/core/service/invitation.go:206.2,206.22 1 0
seculoc-back/internal/core/service/lease.go:24.98,26.2 1 0
seculoc-back/internal/core/service/lease.go:41.92,43.64 2 0
seculoc-back/internal/core/service/lease.go:43.64,45.17 2 0
seculoc-back/internal/core/service/lease.go:45.17,47.4 1 0
seculoc-back/internal/core/service/lease.go:49.3,49.28 1 0
seculoc-back/internal/core/service/lease.go:49.28,64.23 4 0
seculoc-back/internal/core/service/lease.go:64.23,66.5 1 0
seculoc-back/internal/core/service/lease.go:68.4,68.38 1 0
seculoc-back/internal/core/service/lease.go:70.3,70.13 1 0
seculoc-back/internal/core/service/lease.go:73.2,73.16 1 0
seculoc-back/internal/core/service/lease.go:73.16,76.3 2 0
seculoc-back/internal/core/service/lease.go:79.2,79.22 1 0
seculoc-back/internal/core/service/lease.go:79.22,81.3 1 0
seculoc-back/internal/core/service/lease.go:83.2,83.23 1 0
seculoc-back/internal/core/service/lease_document.go:49.82,51.16 2 0
seculoc-back/internal/core/service/lease_document.go:51.16,53.3 1 0
seculoc-back/internal/core/service/lease_document.go:55.2,56.64 2 0
seculoc-back/internal/core/service/lease_document.go:56.64,58.3 1 0
seculoc-back/internal/core/service/lease_document.go:61.2,63.63 2 0
seculoc-back/internal/core/service/lease_document.go:63.63,68.3 1 0
seculoc-back/internal/core/service/lease_document.go:70.2,70.16 1 0
seculoc-back/internal/core/service/lease_document.go:70.16,72.3 1 0
seculoc-back/internal/core/service/lease_document.go:74.2,75.12 2 0
seculoc-back/internal/core/service/lease_document.go:80.108,84.35 2 0
seculoc-back/internal/core/service/lease_document.go:84.35,86.17 2 0
seculoc-back/internal/core/service/lease_document.go:86.17,88.4 1 0
seculoc-back/internal/core/service/lease_document.go:89.3,89.63 1 0
seculoc-back/internal/core/service/lease_document.go:93.2,93.46 1 0
seculoc-back/internal/core/service/lease_document.go:96.106,104.64 5 0
seculoc-back/internal/core/service/lease_document.go:104.64,107.17 2 0
seculoc-back/internal/core/service/lease_document.go:107.17,109.4 1 0
seculoc-back/internal/core/service/lease_document.go:110.3,114.17 3 0
seculoc-back/internal/core/service/lease_document.go:114.17,116.4 1 0
seculoc-back/internal/core/service/lease_document.go:119.3,120.17 2 0
seculoc-back/internal/core/service/lease_document.go:120.17,122.4 1 0
seculoc-back/internal/core/service/lease_document.go:125.3,126.17 2 0
seculoc-back/internal/core/service/lease_document.go:126.17,128.4 1 0
seculoc-back/internal/core/service/lease_document.go:130.3,130.13 1 0
seculoc-back/internal/core/service/lease_document.go:133.2,133.16 1 0
seculoc-back/internal/core/service/lease_document.go:133.16,135.3 1 0
seculoc-back/internal/core/service/lease_document.go:138.2,139.54 2 0
seculoc-back/internal/core/service/lease_document.go:139.54,141.3 1 0
seculoc-back/internal/core/service/lease_document.go:141.8,143.28 1 0
seculoc-back/internal/core/service/lease_document.go:143.28,145.4 1 0
seculoc-back/internal/core/service/lease_document.go:145.9,147.4 1 0
seculoc-back/internal/core/service/lease_document.go:150.2,151.21 2 0
seculoc-back/internal/core/service/lease_document.go:151.21,153.3 1 0
seculoc-back/internal/core/service/lease_document.go:154.2,156.16 3 0
seculoc-back/internal/core/service/lease_document.go:156.16,158.3 1 0
seculoc-back/internal/core/service/lease_document.go:161.2,196.16 7 0
seculoc-back/internal/core/service/lease_document.go:196.16,198.3 1 0
seculoc-back/internal/core/service/lease_document.go:200.2,201.49 2 0
seculoc-back/internal/core/service/lease_document.go:201.49,203.3 1 0
seculoc-back/internal/core/service/lease_document.go:205.2,226.50 2 0
seculoc-back/internal/core/service/property.go:21.78,26.2 1 0
seculoc-back/internal/core/service/property.go:28.269,32.64 3 0
seculoc-back/internal/core/service/property.go:32.64,35.17 2 0
seculoc-back/internal/core/service/property.go:35.17,36.28 1 0
seculoc-back/internal/core/service/property.go:36.28,38.5 1 0
seculoc-back/internal/core/service/property.go:39.4,39.14 1 0
seculoc-back/internal/core/service/property.go:43.3,44.21 2 0
seculoc-back/internal/core/service/property.go:45.20,46.41 1 0
seculoc-back/internal/core/service/property.go:47.19,48.41 1 0
seculoc-back/internal/core/service/property.go:49.11,50.60 1 0
seculoc-back/internal/core/service/property.go:54.3,54.45 1 0
seculoc-back/internal/core/service/property.go:54.45,60.18 3 0
seculoc-back/internal/core/service/property.go:60.18,62.5 1 0
seculoc-back/internal/core/service/property.go:64.4,64.36 1 0
seculoc-back/internal/core/service/property.go:64.36,67.5 2 0
seculoc-back/internal/core/service/property.go:71.3,75.32 5 0
seculoc-back/internal/core/service/property.go:75.32,77.4 1 0
seculoc-back/internal/core/service/property.go:79.3,80.17 2 0
seculoc-back/internal/core/service/property.go:80.17,82.4 1 0
seculoc-back/internal/core/service/property.go:84.3,96.17 2 0
seculoc-back/internal/core/service/property.go:96.17,98.4 1 0
seculoc-back/internal/core/service/property.go:99.3,104.90 3 0
seculoc-back/internal/core/service/property.go:104.90,106.18 2 0
seculoc-back/internal/core/service/property.go:106.18,108.5 1 0
seculoc-back/internal/core/service/property.go:110.4,110.17 1 0
seculoc-back/internal/core/service/property.go:110.17,118.19 2 0
seculoc-back/internal/core/service/property.go:118.19,120.6 1 0
seculoc-back/internal/core/service/property.go:121.5,121.71 1 0
seculoc-back/internal/core/service/property.go:125.3,125.13 1 0
seculoc-back/internal/core/service/property.go:128.2,128.16 1 0
seculoc-back/internal/core/service/property.go:128.16,131.3 2 0
seculoc-back/internal/core/service/property.go:133.2,134.19 2 0
seculoc-back/internal/core/service/property.go:137.106,139.64 2 0
seculoc-back/internal/core/service/property.go:139.64,143.3 3 0
seculoc-back/internal/core/service/property.go:144.2,144.19 1 0
seculoc-back/internal/core/service/property.go:148.275,152.64 3 0
seculoc-back/internal/core/service/property.go:152.64,157.57 2 0
seculoc-back/internal/core/service/property.go:157.57,158.15 1 0
seculoc-back/internal/core/service/property.go:158.15,160.5 1 0
seculoc-back/internal/core/service/property.go:160.10,162.5 1 0
seculoc-back/internal/core/service/property.go:183.3,187.35 4 0
seculoc-back/internal/core/service/property.go:187.35,189.4 1 0
seculoc-back/internal/core/service/property.go:189.9,191.4 1 0
seculoc-back/internal/core/service/property.go:193.3,194.23 2 0
seculoc-back/internal/core/service/property.go:194.23,195.61 1 0
seculoc-back/internal/core/service/property.go:195.61,197.5 1 0
seculoc-back/internal/core/service/property.go:198.4,198.56 1 0
seculoc-back/internal/core/service/property.go:201.3,202.49 2 0
seculoc-back/internal/core/service/property.go:202.49,204.4 1 0
seculoc-back/internal/core/service/property.go:206.3,207.25 2 0
seculoc-back/internal/core/service/property.go:207.25,209.4 1 0
seculoc-back/internal/core/service/property.go:209.9,211.4 1 0
seculoc-back/internal/core/service/property.go:213.3,226.17 2 0
seculoc-back/internal/core/service/property.go:226.17,227.28 1 0
seculoc-back/internal/core/service/property.go:227.28,229.5 1 0
seculoc-back/internal/core/service/property.go:230.4,230.14 1 0
seculoc-back/internal/core/service/property.go:232.3,233.13 2 0
seculoc-back/internal/core/service/property.go:236.2,236.16 1 0
seculoc-back/internal/core/service/property.go:236.16,239.3 2 0
seculoc-back/internal/core/service/property.go:241.2,242.19 2 0
seculoc-back/internal/core/service/property.go:245.101,248.64 2 0
seculoc-back/internal/core/service/property.go:248.64,256.17 2 0
seculoc-back/internal/core/service/property.go:256.17,257.28 1 0
seculoc-back/internal/core/service/property.go:257.28,259.5 1 0
seculoc-back/internal/core/service/property.go:260.4,260.14 1 0
seculoc-back/internal/core/service/property.go:267.3,268.13 2 0
seculoc-back/internal/core/service/property.go:271.2,271.16 1 0
seculoc-back/internal/core/service/property.go:271.16,274.3 2 0
seculoc-back/internal/core/service/property.go:275.2,275.12 1 0
seculoc-back/internal/core/service/solvency.go:31.49,33.2 1 0
seculoc-back/internal/core/service/solvency.go:35.109,40.2 1 0
seculoc-back/internal/core/service/solvency.go:51.123,56.64 3 0
seculoc-back/internal/core/service/solvency.go:56.64,59.17 2 0
seculoc-back/internal/core/service/solvency.go:59.17,60.28 1 0
seculoc-back/internal/core/service/solvency.go:60.28,62.5 1 0
seculoc-back/internal/core/service/solvency.go:63.4,63.14 1 0
seculoc-back/internal/core/service/solvency.go:66.3,66.65 1 0
seculoc-back/internal/core/service/solvency.go:66.65,68.4 1 0
seculoc-back/internal/core/service/solvency.go:71.3,73.30 3 0
seculoc-back/internal/core/service/solvency.go:73.30,75.18 2 0
seculoc-back/internal/core/service/solvency.go:75.18,77.5 1 0
seculoc-back/internal/core/service/solvency.go:78.4,78.27 1 0
seculoc-back/internal/core/service/solvency.go:79.9,82.18 2 0
seculoc-back/internal/core/service/solvency.go:82.18,84.5 1 0
seculoc-back/internal/core/service/solvency.go:86.4,87.18 2 0
seculoc-back/internal/core/service/solvency.go:87.18,88.29 1 0
seculoc-back/internal/core/service/solvency.go:88.29,90.6 1 0
seculoc-back/internal/core/service/solvency.go:90.11,92.6 1 0
seculoc-back/internal/core/service/solvency.go:94.4,96.20 2 0
seculoc-back/internal/core/service/solvency.go:96.20,101.5 1 0
seculoc-back/internal/core/service/solvency.go:104.4,110.18 2 0
seculoc-back/internal/core/service/solvency.go:110.18,112.5 1 0
seculoc-back/internal/core/service/solvency.go:116.3,118.17 3 0
seculoc-back/internal/core/service/solvency.go:118.17,120.4 1 0
seculoc-back/internal/core/service/solvency.go:120.9,120.34 1 0
seculoc-back/internal/core/service/solvency.go:120.34,129.18 2 0
seculoc-back/internal/core/service/solvency.go:129.18,131.5 1 0
seculoc-back/internal/core/service/solvency.go:132.4,132.28 1 0
seculoc-back/internal/core/service/solvency.go:133.9,135.4 1 0
seculoc-back/internal/core/service/solvency.go:138.3,139.45 2 0
seculoc-back/internal/core/service/solvency.go:139.45,141.4 1 0
seculoc-back/internal/core/service/solvency.go:142.3,152.17 3 0
seculoc-back/internal/core/service/solvency.go:152.17,154.4 1 0
seculoc-back/internal/core/service/solvency.go:156.3,162.13 2 0
seculoc-back/internal/core/service/solvency.go:165.2,165.16 1 0
seculoc-back/internal/core/service/solvency.go:165.16,167.3 1 0
seculoc-back/internal/core/service/solvency.go:170.2,171.19 2 0
seculoc-back/internal/core/service/solvency.go:171.19,173.3 1 0
seculoc-back/internal/core/service/solvency.go:174.2,176.21 3 0
seculoc-back/internal/core/service/solvency.go:176.21,184.3 1 0
seculoc-back/internal/core/service/solvency.go:186.2,186.20 1 0
seculoc-back/internal/core/service/solvency.go:190.110,196.18 4 0
seculoc-back/internal/core/service/solvency.go:197.17,199.15 2 0
seculoc-back/internal/core/service/solvency.go:200.10,201.58 1 0
seculoc-back/internal/core/service/solvency.go:204.2,204.64 1 0
seculoc-back/internal/core/service/solvency.go:204.64,211.17 2 0
seculoc-back/internal/core/service/solvency.go:211.17,213.4 1 0
seculoc-back/internal/core/service/solvency.go:215.3,221.13 2 0
seculoc-back/internal/core/service/solvency.go:224.2,224.16 1 0
seculoc-back/internal/core/service/solvency.go:224.16,226.3 1 0
seculoc-back/internal/core/service/solvency.go:228.2,228.20 1 0
seculoc-back/internal/core/service/solvency.go:242.110,244.64 2 0
seculoc-back/internal/core/service/solvency.go:244.64,246.17 2 0
seculoc-back/internal/core/service/solvency.go:246.17,248.4 1 0
seculoc-back/internal/core/service/solvency.go:249.3,262.35 6 0
seculoc-back/internal/core/service/solvency.go:262.35,265.4 2 0
seculoc-back/internal/core/service/solvency.go:265.9,267.4 1 0
seculoc-back/internal/core/service/solvency.go:268.3,269.13 2 0
seculoc-back/internal/core/service/solvency.go:271.2,271.16 1 0
seculoc-back/internal/core/service/solvency.go:271.16,272.27 1 0
seculoc-back/internal/core/service/solvency.go:272.27,274.4 1 0
seculoc-back/internal/core/service/solvency.go:275.3,275.18 1 0
seculoc-back/internal/core/service/solvency.go:277.2,277.20 1 0
seculoc-back/internal/core/service/solvency.go:281.131,283.64 2 0
seculoc-back/internal/core/service/solvency.go:283.64,287.3 3 0
seculoc-back/internal/core/service/solvency.go:288.2,288.20 1 0
seculoc-back/internal/core/service/solvency.go:292.140,294.64 2 0
seculoc-back/internal/core/service/solvency.go:294.64,298.3 3 0
seculoc-back/internal/core/service/solvency.go:299.2,299.20 1 0
seculoc-back/internal/core/service/solvency.go:309.125,313.16 3 0
seculoc-back/internal/core/service/solvency.go:313.16,315.3 1 0
seculoc-back/internal/core/service/solvency.go:317.2,317.67 1 0
seculoc-back/internal/core/service/solvency.go:317.67,319.3 1 0
seculoc-back/internal/core/service/solvency.go:322.2,323.63 2 0
seculoc-back/internal/core/service/solvency.go:323.63,325.17 2 0
seculoc-back/internal/core/service/solvency.go:325.17,327.4 1 0
seculoc-back/internal/core/service/solvency.go:328.3,328.28 1 0
seculoc-back/internal/core/service/solvency.go:328.28,331.4 2 0
seculoc-back/internal/core/service/solvency.go:332.3,332.13 1 0
seculoc-back/internal/core/service/solvency.go:334.2,334.16 1 0
seculoc-back/internal/core/service/solvency.go:334.16,336.3 1 0
seculoc-back/internal/core/service/solvency.go:340.2,342.34 2 0
seculoc-back/internal/core/service/solvency.go:342.34,343.20 1 0
seculoc-back/internal/core/service/solvency.go:343.20,345.4 1 0
seculoc-back/internal/core/service/solvency.go:348.2,352.44 3 0
seculoc-back/internal/core/service/solvency.go:352.44,354.3 1 0
seculoc-back/internal/core/service/solvency.go:357.2,357.63 1 0
seculoc-back/internal/core/service/solvency.go:357.63,364.3 1 0
seculoc-back/internal/core/service/solvency.go:366.2,372.12 2 0
seculoc-back/internal/core/service/solvency.go:376.96,379.64 2 0
seculoc-back/internal/core/service/solvency.go:379.64,382.17 2 0
seculoc-back/internal/core/service/solvency.go:382.17,384.4 1 0
seculoc-back/internal/core/service/solvency.go:386.3,386.46 1 0
seculoc-back/internal/core/service/solvency.go:386.46,388.4 1 0
seculoc-back/internal/core/service/solvency.go:390.3,390.68 1 0
seculoc-back/internal/core/service/solvency.go:390.68,392.4 1 0
seculoc-back/internal/core/service/solvency.go:395.3,396.17 2 0
seculoc-back/internal/core/service/solvency.go:396.17,398.4 1 0
seculoc-back/internal/core/service/solvency.go:401.3,402.27 2 0
seculoc-back/internal/core/service/solvency.go:402.27,404.18 2 0
seculoc-back/internal/core/service/solvency.go:404.18,406.5 1 0
seculoc-back/internal/core/service/solvency.go:407.4,407.90 1 0
seculoc-back/internal/core/service/solvency.go:408.9,408.32 1 0
seculoc-back/internal/core/service/solvency.go:408.32,415.18 2 0
seculoc-back/internal/core/service/solvency.go:415.18,417.5 1 0
seculoc-back/internal/core/service/solvency.go:418.4,418.38 1 0
seculoc-back/internal/core/service/solvency.go:421.3,421.13 1 0
seculoc-back/internal/core/service/subscription.go:27.86,31.2 1 0
seculoc-back/internal/core/service/subscription.go:34.112,42.14 5 0
seculoc-back/internal/core/service/subscription.go:43.17,46.16 3 0
seculoc-back/internal/core/service/subscription.go:47.18,50.15 3 0
seculoc-back/internal/core/service/subscription.go:51.10,54.13 3 0
seculoc-back/internal/core/service/subscription.go:57.2,58.22 2 0
seculoc-back/internal/core/service/subscription.go:58.22,60.3 1 0
seculoc-back/internal/core/service/subscription.go:60.8,62.3 1 0
seculoc-back/internal/core/service/subscription.go:64.2,64.64 1 0
seculoc-back/internal/core/service/subscription.go:64.64,75.17 2 0
seculoc-back/internal/core/service/subscription.go:75.17,77.4 1 0
seculoc-back/internal/core/service/subscription.go:79.3,84.13 2 0
seculoc-back/internal/core/service/subscription.go:87.2,87.16 1 0
seculoc-back/internal/core/service/subscription.go:87.16,94.3 2 0
seculoc-back/internal/core/service/subscription.go:96.2,96.12 1 0
seculoc-back/internal/core/service/subscription.go:100.114,103.64 2 0
seculoc-back/internal/core/service/subscription.go:103.64,106.17 2 0
seculoc-back/internal/core/service/subscription.go:106.17,108.4 1 0
seculoc-back/internal/core/service/subscription.go:111.3,111.90 1 0
seculoc-back/internal/core/service/subscription.go:111.90,113.4 1 0
seculoc-back/internal/core/service/subscription.go:117.3,124.17 3 0
seculoc-back/internal/core/service/subscription.go:124.17,126.4 1 0
seculoc-back/internal/core/service/subscription.go:129.3,135.13 2 0
seculoc-back/internal/core/service/user.go:64.150,72.2 1 0
seculoc-back/internal/core/service/user.go:75.142,80.64 4 0
seculoc-back/internal/core/service/user.go:80.64,83.17 2 0
seculoc-back/internal/core/service/user.go:83.17,85.40 1 0
seculoc-back/internal/core/service/user.go:85.40,88.5 2 0
seculoc-back/internal/core/service/user.go:90.4,90.70 1 0
seculoc-back/internal/core/service/user.go:91.9,91.34 1 0
seculoc-back/internal/core/service/user.go:91.34,94.4 2 0
seculoc-back/internal/core/service/user.go:97.3,98.17 2 0
seculoc-back/internal/core/service/user.go:98.17,100.4 1 0
seculoc-back/internal/core/service/user.go:101.3,104.27 2 0
seculoc-back/internal/core/service/user.go:104.27,115.18 2 0
seculoc-back/internal/core/service/user.go:115.18,117.5 1 0
seculoc-back/internal/core/service/user.go:118.4,118.49 1 0
seculoc-back/internal/core/service/user.go:119.9,129.18 3 0
seculoc-back/internal/core/service/user.go:129.18,132.5 2 0
seculoc-back/internal/core/service/user.go:136.3,136.24 1 0
seculoc-back/internal/core/service/user.go:136.24,139.18 2 0
seculoc-back/internal/core/service/user.go:139.18,140.29 1 0
seculoc-back/internal/core/service/user.go:140.29,143.6 2 0
seculoc-back/internal/core/service/user.go:144.5,144.15 1 0
seculoc-back/internal/core/service/user.go:148.4,148.38 1 0
seculoc-back/internal/core/service/user.go:148.38,150.5 1 0
seculoc-back/internal/core/service/user.go:151.4,151.45 1 0
seculoc-back/internal/core/service/user.go:151.45,153.5 1 0
seculoc-back/internal/core/service/user.go:156.4,157.18 2 0
seculoc-back/internal/core/service/user.go:157.18,159.5 1 0
seculoc-back/internal/core/service/user.go:166.4,173.18 2 0
seculoc-back/internal/core/service/user.go:173.18,175.5 1 0
seculoc-back/internal/core/service/user.go:176.4,183.18 3 0
seculoc-back/internal/core/service/user.go:183.18,185.5 1 0
seculoc-back/internal/core/service/user.go:190.4,194.18 2 0
seculoc-back/internal/core/service/user.go:194.18,196.5 1 0
seculoc-back/internal/core/service/user.go:199.4,199.69 1 0
seculoc-back/internal/core/service/user.go:202.3,202.13 1 0
seculoc-back/internal/core/service/user.go:205.2,205.16 1 0
seculoc-back/internal/core/service/user.go:205.16,207.3 1 0
seculoc-back/internal/core/service/user.go:210.2,210.18 1 0
seculoc-back/internal/core/service/user.go:210.18,212.70 1 0
seculoc-back/internal/core/service/user.go:212.70,214.4 1 0
seculoc-back/internal/core/service/user.go:217.2,218.19 2 0
seculoc-back/internal/core/service/user.go:222.97,225.64 3 0
seculoc-back/internal/core/service/user.go:225.64,228.17 3 0
seculoc-back/internal/core/service/user.go:228.17,229.28 1 0
seculoc-back/internal/core/service/user.go:229.28,231.5 1 0
seculoc-back/internal/core/service/user.go:232.4,232.14 1 0
seculoc-back/internal/core/service/user.go:234.3,234.13 1 0
seculoc-back/internal/core/service/user.go:237.2,237.16 1 0
seculoc-back/internal/core/service/user.go:237.16,238.43 1 0
seculoc-back/internal/core/service/user.go:238.43,241.4 2 0
seculoc-back/internal/core/service/user.go:242.3,243.18 2 0
seculoc-back/internal/core/service/user.go:247.2,248.16 2 0
seculoc-back/internal/core/service/user.go:248.16,252.3 2 0
seculoc-back/internal/core/service/user.go:253.2,253.12 1 0
seculoc-back/internal/core/service/user.go:253.12,256.3 2 0
seculoc-back/internal/core/service/user.go:259.2,259.42 1 0
seculoc-back/internal/core/service/user.go:264.108,271.64 6 0
seculoc-back/internal/core/service/user.go:271.64,281.17 3 0
seculoc-back/internal/core/service/user.go:281.17,283.4 1 0
seculoc-back/internal/core/service/user.go:284.3,285.17 2 0
seculoc-back/internal/core/service/user.go:285.17,287.4 1 0
seculoc-back/internal/core/service/user.go:288.3,292.41 3 0
seculoc-back/internal/core/service/user.go:292.41,294.4 1 0
seculoc-back/internal/core/service/user.go:297.3,298.41 2 0
seculoc-back/internal/core/service/user.go:298.41,300.4 1 0
seculoc-back/internal/core/service/user.go:301.3,303.13 2 0
seculoc-back/internal/core/service/user.go:306.2,306.16 1 0
seculoc-back/internal/core/service/user.go:306.16,308.3 1 0
seculoc-back/internal/core/service/user.go:312.2,312.69 1 0
seculoc-back/internal/core/service/user.go:312.69,315.27 2 0
seculoc-back/internal/core/service/user.go:315.27,317.4 1 0
seculoc-back/internal/core/service/user.go:317.9,317.58 1 0
seculoc-back/internal/core/service/user.go:317.58,320.4 1 0
seculoc-back/internal/core/service/user.go:324.2,324.35 1 0
seculoc-back/internal/core/service/user.go:324.35,325.25 1 0
seculoc-back/internal/core/service/user.go:325.25,327.4 1 0
seculoc-back/internal/core/service/user.go:327.9,327.33 1 0
seculoc-back/internal/core/service/user.go:327.33,329.4 1 0
seculoc-back/internal/core/service/user.go:332.2,337.42 1 0
seculoc-back/internal/core/service/user.go:337.42,338.29 1 0
seculoc-back/internal/core/service/user.go:338.29,340.6 1 0
seculoc-back/internal/core/service/user.go:341.5,346.37 2 0
seculoc-back/internal/core/service/user.go:346.37,348.6 1 0
seculoc-back/internal/core/service/user.go:349.5,349.37 1 0
seculoc-back/internal/core/service/user.go:349.37,351.6 1 0
seculoc-back/internal/core/service/user.go:352.5,352.35 1 0
seculoc-back/internal/core/service/user.go:352.35,354.6 1 0
seculoc-back/internal/core/service/user.go:355.5,355.15 1 0
seculoc-back/internal/core/service/user.go:363.94,365.64 2 0
seculoc-back/internal/core/service/user.go:365.64,367.17 2 0
seculoc-back/internal/core/service/user.go:367.17,369.4 1 0
seculoc-back/internal/core/service/user.go:370.3,371.13 2 0
seculoc-back/internal/core/service/user.go:373.2,373.16 1 0
seculoc-back/internal/core/service/user.go:373.16,375.3 1 0
seculoc-back/internal/core/service/user.go:376.2,376.19 1 0
seculoc-back/internal/core/service/user.go:381.117,386.64 3 0
seculoc-back/internal/core/service/user.go:386.64,389.31 2 0
seculoc-back/internal/core/service/user.go:389.31,392.4 1 0
seculoc-back/internal/core/service/user.go:392.9,392.39 1 0
seculoc-back/internal/core/service/user.go:392.39,395.18 2 0
seculoc-back/internal/core/service/user.go:395.18,397.5 1 0
seculoc-back/internal/core/service/user.go:398.4,399.18 2 0
seculoc-back/internal/core/service/user.go:399.18,401.5 1 0
seculoc-back/internal/core/service/user.go:402.4,402.54 1 0
seculoc-back/internal/core/service/user.go:403.9,405.4 1 0
seculoc-back/internal/core/service/user.go:407.3,407.15 1 0
seculoc-back/internal/core/service/user.go:407.15,409.4 1 0
seculoc-back/internal/core/service/user.go:412.3,416.17 2 0
seculoc-back/internal/core/service/user.go:416.17,418.4 1 0
seculoc-back/internal/core/service/user.go:420.3,420.13 1 0
seculoc-back/internal/core/service/user.go:423.2,423.16 1 0
seculoc-back/internal/core/service/user.go:423.16,426.3 2 0
seculoc-back/internal/core/service/user.go:430.2,431.16 2 0
seculoc-back/internal/core/service/user.go:431.16,433.3 1 0
seculoc-back/internal/core/service/user.go:437.2,438.16 2 0
seculoc-back/internal/core/service/user.go:438.16,440.3 1 0
seculoc-back/internal/core/service/user.go:443.2,443.54 1 0
seculoc-back/internal/core/service/user.go:443.54,448.3 1 0
seculoc-back/internal/core/service/user.go:450.2,450.22 1 0
seculoc-back/internal/platform/auth/password.go:28.52,32.43 3 0
seculoc-back/internal/platform/auth/password.go:32.43,34.3 1 0
seculoc-back/internal/platform/auth/password.go:36.2,45.25 5 0
seculoc-back/internal/platform/auth/password.go:49.68,51.21 2 0
seculoc-back/internal/platform/auth/password.go:51.21,53.3 1 0
seculoc-back/internal/platform/auth/password.go:55.2,55.28 1 0
seculoc-back/internal/platform/auth/password.go:55.28,57.3 1 0
seculoc-back/internal/platform/auth/password.go:59.2,61.16 3 0
seculoc-back/internal/platform/auth/password.go:61.16,63.3 1 0
seculoc-back/internal/platform/auth/password.go:64.2,64.31 1 0
seculoc-back/internal/platform/auth/password.go:64.31,66.3 1 0
seculoc-back/internal/platform/auth/password.go:68.2,70.16 3 0
seculoc-back/internal/platform/auth/password.go:70.16,72.3 1 0
seculoc-back/internal/platform/auth/password.go:74.2,75.16 2 0
seculoc-back/internal/platform/auth/password.go:75.16,77.3 1 0
seculoc-back/internal/platform/auth/password.go:79.2,80.16 2 0
seculoc-back/internal/platform/auth/password.go:80.16,82.3 1 0
seculoc-back/internal/platform/auth/password.go:83.2,87.66 3 0
seculoc-back/internal/platform/auth/password.go:87.66,89.3 1 0
seculoc-back/internal/platform/auth/password.go:90.2,90.19 1 0
seculoc-back/internal/platform/auth/token.go:21.80,23.18 2 1
seculoc-back/internal/platform/auth/token.go:23.18,25.3 1 0
seculoc-back/internal/platform/auth/token.go:27.2,28.16 2 1
seculoc-back/internal/platform/auth/token.go:28.16,30.3 1 0
seculoc-back/internal/platform/auth/token.go:32.2,45.43 4 1
seculoc-back/internal/platform/auth/token.go:49.57,51.18 2 1
seculoc-back/internal/platform/auth/token.go:51.18,53.3 1 0
seculoc-back/internal/platform/auth/token.go:55.2,55.104 1 1
seculoc-back/internal/platform/auth/token.go:55.104,56.58 1 1
seculoc-back/internal/platform/auth/token.go:56.58,58.4 1 0
seculoc-back/internal/platform/auth/token.go:59.3,59.29 1 1
seculoc-back/internal/platform/auth/token.go:62.2,62.16 1 1
seculoc-back/internal/platform/auth/token.go:62.16,64.3 1 1
seculoc-back/internal/platform/auth/token.go:66.2,66.61 1 1
seculoc-back/internal/platform/auth/token.go:66.61,68.3 1 1
seculoc-back/internal/platform/auth/token.go:70.2,70.29 1 0
seculoc-back/internal/platform/email/sender.go:18.62,20.2 1 0
seculoc-back/internal/platform/email/sender.go:22.91,29.2 5 0
seculoc-back/internal/platform/logger/logger.go:19.23,20.17 1 1
seculoc-back/internal/platform/logger/logger.go:20.17,30.26 8 1
seculoc-back/internal/platform/logger/logger.go:30.26,33.4 2 0
seculoc-back/internal/platform/logger/logger.go:33.9,37.4 3 1
seculoc-back/internal/platform/logger/logger.go:39.3,47.17 5 1
seculoc-back/internal/platform/logger/logger.go:47.17,48.14 1 0
seculoc-back/internal/platform/logger/logger.go:54.24,55.19 1 1
seculoc-back/internal/platform/logger/logger.go:55.19,59.3 1 1
seculoc-back/internal/platform/logger/logger.go:60.2,60.15 1 1
seculoc-back/internal/platform/logger/logger.go:64.32,66.2 1 0
seculoc-back/internal/platform/logger/logger.go:69.46,71.2 1 0
seculoc-back/internal/platform/logger/logger.go:74.13,75.19 1 0
seculoc-back/internal/platform/logger/logger.go:75.19,77.3 1 0
seculoc-back/internal/platform/logger/logger.go:81.51,82.16 1 1
seculoc-back/internal/platform/logger/logger.go:82.16,84.3 1 0
seculoc-back/internal/platform/logger/logger.go:86.2,86.52 1 1
seculoc-back/internal/platform/logger/logger.go:86.52,88.3 1 0
seculoc-back/internal/platform/logger/logger.go:89.2,89.14 1 1
seculoc-back/cmd/server/main.go:36.13,59.16 8 0
seculoc-back/cmd/server/main.go:59.16,61.3 1 0
seculoc-back/cmd/server/main.go:63.2,64.16 2 0
seculoc-back/cmd/server/main.go:64.16,66.3 1 0
seculoc-back/cmd/server/main.go:67.2,69.56 2 0
seculoc-back/cmd/server/main.go:69.56,71.3 1 0
seculoc-back/cmd/server/main.go:72.2,79.16 4 0
seculoc-back/cmd/server/main.go:79.16,81.3 1 0
seculoc-back/cmd/server/main.go:83.2,89.76 3 0
seculoc-back/cmd/server/main.go:89.76,91.3 1 0
seculoc-back/cmd/server/main.go:94.19,98.45 3 0
seculoc-back/cmd/server/main.go:98.45,101.3 1 0
seculoc-back/cmd/server/main.go:104.2,105.46 2 0
seculoc-back/docs/docs.go:1583.13,1585.2 1 0
seculoc-back/internal/adapter/http/handler/invitation.go:17.72,19.2 1 1
seculoc-back/internal/adapter/http/handler/invitation.go:36.58,41.13 3 1
seculoc-back/internal/adapter/http/handler/invitation.go:41.13,44.3 2 0
seculoc-back/internal/adapter/http/handler/invitation.go:58.2,59.28 2 1
seculoc-back/internal/adapter/http/handler/invitation.go:60.11,61.17 1 0
seculoc-back/internal/adapter/http/handler/invitation.go:62.15,63.17 1 0
seculoc-back/internal/adapter/http/handler/invitation.go:64.13,65.10 1 1
seculoc-back/internal/adapter/http/handler/invitation.go:66.10,69.9 3 0
seculoc-back/internal/adapter/http/handler/invitation.go:72.2,73.47 2 1
seculoc-back/internal/adapter/http/handler/invitation.go:73.47,76.3 2 1
seculoc-back/internal/adapter/http/handler/invitation.go:78.2,79.16 2 0
seculoc-back/internal/adapter/http/handler/invitation.go:79.16,83.3 3 0
seculoc-back/internal/adapter/http/handler/invitation.go:85.2,85.85 1 0
seculoc-back/internal/adapter/http/handler/invitation.go:102.62,106.13 3 1
seculoc-back/internal/adapter/http/handler/invitation.go:106.13,109.3 2 0
seculoc-back/internal/adapter/http/handler/invitation.go:111.2,112.28 2 1
seculoc-back/internal/adapter/http/handler/invitation.go:113.11,114.17 1 0
seculoc-back/internal/adapter/http/handler/invitation.go:115.15,116.17 1 0
seculoc-back/internal/adapter/http/handler/invitation.go:117.13,118.10 1 1
seculoc-back/internal/adapter/http/handler/invitation.go:119.10,122.9 3 0
seculoc-back/internal/adapter/http/handler/invitation.go:125.2,126.47 2 1
seculoc-back/internal/adapter/http/handler/invitation.go:126.47,129.3 2 1
seculoc-back/internal/adapter/http/handler/invitation.go:131.2,132.16 2 0
seculoc-back/internal/adapter/http/handler/invitation.go:132.16,136.3 3 0
seculoc-back/internal/adapter/http/handler/invitation.go:138.2,138.64 1 0
seculoc-back/internal/adapter/http/handler/invitation.go:151.59,155.17 3 0
seculoc-back/internal/adapter/http/handler/invitation.go:155.17,158.3 2 0
seculoc-back/internal/adapter/http/handler/invitation.go:160.2,161.16 2 0
seculoc-back/internal/adapter/http/handler/invitation.go:161.16,165.3 3 0
seculoc-back/internal/adapter/http/handler/invitation.go:167.2,167.32 1 0
seculoc-back/internal/adapter/http/handler/lease.go:18.63,20.2 1 1
seculoc-back/internal/adapter/http/handler/lease.go:33.45,36.9 2 1
seculoc-back/internal/adapter/http/handler/lease.go:36.9,39.3 2 1
seculoc-back/internal/adapter/http/handler/lease.go:42.2,43.16 2 0
seculoc-back/internal/adapter/http/handler/lease.go:43.16,46.3 2 0
seculoc-back/internal/adapter/http/handler/lease.go:49.2,49.31 1 0
seculoc-back/internal/adapter/http/handler/lease.go:63.49,66.16 3 1
seculoc-back/internal/adapter/http/handler/lease.go:66.16,69.3 2 1
seculoc-back/internal/adapter/http/handler/lease.go:77.2,78.16 2 0
seculoc-back/internal/adapter/http/handler/lease.go:78.16,81.3 2 0
seculoc-back/internal/adapter/http/handler/lease.go:83.2,84.60 2 0
seculoc-back/internal/adapter/http/handler/property.go:20.72,22.2 1 1
seculoc-back/internal/adapter/http/handler/property.go:78.50,83.9 3 1
seculoc-back/internal/adapter/http/handler/property.go:83.9,86.3 2 0
seculoc-back/internal/adapter/http/handler/property.go:88.2,89.47 2 1
seculoc-back/internal/adapter/http/handler/property.go:89.47,92.3 2 1
seculoc-back/internal/adapter/http/handler/property.go:94.2,95.16 2 0
seculoc-back/internal/adapter/http/handler/property.go:95.16,98.3 2 0
seculoc-back/internal/adapter/http/handler/property.go:100.2,101.16 2 0
seculoc-back/internal/adapter/http/handler/property.go:101.16,102.64 1 0
seculoc-back/internal/adapter/http/handler/property.go:102.64,105.4 2 0
seculoc-back/internal/adapter/http/handler/property.go:106.3,108.9 3 0
seculoc-back/internal/adapter/http/handler/property.go:111.2,134.4 7 0
seculoc-back/internal/adapter/http/handler/property.go:146.48,148.9 2 0
seculoc-back/internal/adapter/http/handler/property.go:148.9,151.3 2 0
seculoc-back/internal/adapter/http/handler/property.go:153.2,154.16 2 0
seculoc-back/internal/adapter/http/handler/property.go:154.16,157.3 2 0
seculoc-back/internal/adapter/http/handler/property.go:159.2,159.30 1 0
seculoc-back/internal/adapter/http/handler/property.go:187.50,191.9 3 1
seculoc-back/internal/adapter/http/handler/property.go:191.9,194.3 2 0
seculoc-back/internal/adapter/http/handler/property.go:196.2,198.16 3 1
seculoc-back/internal/adapter/http/handler/property.go:198.16,201.3 2 0
seculoc-back/internal/adapter/http/handler/property.go:203.2,204.47 2 1
seculoc-back/internal/adapter/http/handler/property.go:204.47,207.3 2 1
seculoc-back/internal/adapter/http/handler/property.go:209.2,210.24 2 0
seculoc-back/internal/adapter/http/handler/property.go:210.24,212.17 2 0
seculoc-back/internal/adapter/http/handler/property.go:212.17,215.4 2 0
seculoc-back/internal/adapter/http/handler/property.go:216.3,216.18 1 0
seculoc-back/internal/adapter/http/handler/property.go:219.2,220.16 2 0
seculoc-back/internal/adapter/http/handler/property.go:220.16,222.59 2 0
seculoc-back/internal/adapter/http/handler/property.go:222.59,225.4 2 0
seculoc-back/internal/adapter/http/handler/property.go:226.3,227.9 2 0
seculoc-back/internal/adapter/http/handler/property.go:230.2,253.4 7 0
seculoc-back/internal/adapter/http/handler/property.go:256.50,260.9 3 0
seculoc-back/internal/adapter/http/handler/property.go:260.9,263.3 2 0
seculoc-back/internal/adapter/http/handler/property.go:265.2,267.16 3 0
seculoc-back/internal/adapter/http/handler/property.go:267.16,270.3 2 0
seculoc-back/internal/adapter/http/handler/property.go:272.2,273.16 2 0
seculoc-back/internal/adapter/http/handler/property.go:273.16,275.59 2 0
seculoc-back/internal/adapter/http/handler/property.go:275.59,278.4 2 0
seculoc-back/internal/adapter/http/handler/property.go:279.3,280.9 2 0
seculoc-back/internal/adapter/http/handler/property.go:283.2,283.32 1 0
seculoc-back/internal/adapter/http/handler/solvency.go:18.72,20.2 1 1
seculoc-back/internal/adapter/http/handler/solvency.go:56.55,58.9 2 1
seculoc-back/internal/adapter/http/handler/solvency.go:58.9,61.3 2 0
seculoc-back/internal/adapter/http/handler/solvency.go:63.2,64.44 2 1
[...]
seculoc-back/internal/core/service/property.go:230.4,230.14 1 0
seculoc-back/internal/core/service/property.go:232.3,233.13 2 1
seculoc-back/internal/core/service/property.go:236.2,236.16 1 1
seculoc-back/internal/core/service/property.go:236.16,239.3 2 1
seculoc-back/internal/core/service/property.go:241.2,242.19 2 1
seculoc-back/internal/core/service/property.go:245.101,248.64 2 1
seculoc-back/internal/core/service/property.go:248.64,256.17 2 1
seculoc-back/internal/core/service/property.go:256.17,257.28 1 0
seculoc-back/internal/core/service/property.go:257.28,259.5 1 0
seculoc-back/internal/core/service/property.go:260.4,260.14 1 0
seculoc-back/internal/core/service/property.go:267.3,268.13 2 1
seculoc-back/internal/core/service/property.go:271.2,271.16 1 1
seculoc-back/internal/core/service/property.go:271.16,274.3 2 0
seculoc-back/internal/core/service/property.go:275.2,275.12 1 1
seculoc-back/internal/core/service/solvency.go:31.49,33.2 1 0
seculoc-back/internal/core/service/solvency.go:35.109,40.2 1 1
seculoc-back/internal/core/service/solvency.go:51.123,56.64 3 1
seculoc-back/internal/core/service/solvency.go:56.64,59.17 2 1
seculoc-back/internal/core/service/solvency.go:59.17,60.28 1 0
seculoc-back/internal/core/service/solvency.go:60.28,62.5 1 0
seculoc-back/internal/core/service/solvency.go:63.4,63.14 1 0
seculoc-back/internal/core/service/solvency.go:66.3,66.65 1 1
seculoc-back/internal/core/service/solvency.go:66.65,68.4 1 1
seculoc-back/internal/core/service/solvency.go:71.3,73.30 3 1
seculoc-back/internal/core/service/solvency.go:73.30,75.18 2 1
seculoc-back/internal/core/service/solvency.go:75.18,77.5 1 0
seculoc-back/internal/core/service/solvency.go:78.4,78.27 1 1
seculoc-back/internal/core/service/solvency.go:79.9,82.18 2 1
seculoc-back/internal/core/service/solvency.go:82.18,84.5 1 0
seculoc-back/internal/core/service/solvency.go:86.4,87.18 2 1
seculoc-back/internal/core/service/solvency.go:87.18,88.29 1 1
seculoc-back/internal/core/service/solvency.go:88.29,90.6 1 1
seculoc-back/internal/core/service/solvency.go:90.11,92.6 1 0
seculoc-back/internal/core/service/solvency.go:94.4,96.20 2 1
seculoc-back/internal/core/service/solvency.go:96.20,101.5 1 1
seculoc-back/internal/core/service/solvency.go:104.4,110.18 2 1
seculoc-back/internal/core/service/solvency.go:110.18,112.5 1 0
seculoc-back/internal/core/service/solvency.go:116.3,118.17 3 1
seculoc-back/internal/core/service/solvency.go:118.17,120.4 1 1
seculoc-back/internal/core/service/solvency.go:120.9,120.34 1 1
seculoc-back/internal/core/service/solvency.go:120.34,129.18 2 1
seculoc-back/internal/core/service/solvency.go:129.18,131.5 1 0
seculoc-back/internal/core/service/solvency.go:132.4,132.28 1 1
seculoc-back/internal/core/service/solvency.go:133.9,135.4 1 0
seculoc-back/internal/core/service/solvency.go:138.3,139.45 2 1
seculoc-back/internal/core/service/solvency.go:139.45,141.4 1 0
seculoc-back/internal/core/service/solvency.go:142.3,152.17 3 1
seculoc-back/internal/core/service/solvency.go:152.17,154.4 1 0
seculoc-back/internal/core/service/solvency.go:156.3,162.13 2 1
seculoc-back/internal/core/service/solvency.go:165.2,165.16 1 1
seculoc-back/internal/core/service/solvency.go:165.16,167.3 1 1
seculoc-back/internal/core/service/solvency.go:170.2,171.19 2 1
seculoc-back/internal/core/service/solvency.go:171.19,173.3 1 1
seculoc-back/internal/core/service/solvency.go:174.2,176.21 3 1
seculoc-back/internal/core/service/solvency.go:176.21,184.3 1 0
seculoc-back/internal/core/service/solvency.go:186.2,186.20 1 1
seculoc-back/internal/core/service/solvency.go:190.110,196.18 4 1
seculoc-back/internal/core/service/solvency.go:197.17,199.15 2 1
seculoc-back/internal/core/service/solvency.go:200.10,201.58 1 0
seculoc-back/internal/core/service/solvency.go:204.2,204.64 1 1
seculoc-back/internal/core/service/solvency.go:204.64,211.17 2 1
seculoc-back/internal/core/service/solvency.go:211.17,213.4 1 0
seculoc-back/internal/core/service/solvency.go:215.3,221.13 2 1
seculoc-back/internal/core/service/solvency.go:224.2,224.16 1 1
seculoc-back/internal/core/service/solvency.go:224.16,226.3 1 0
seculoc-back/internal/core/service/solvency.go:228.2,228.20 1 1
seculoc-back/internal/core/service/solvency.go:242.110,244.64 2 1
seculoc-back/internal/core/service/solvency.go:244.64,246.17 2 1
seculoc-back/internal/core/service/solvency.go:246.17,248.4 1 1
seculoc-back/internal/core/service/solvency.go:249.3,262.35 6 1
seculoc-back/internal/core/service/solvency.go:262.35,265.4 2 1
seculoc-back/internal/core/service/solvency.go:265.9,267.4 1 0
seculoc-back/internal/core/service/solvency.go:268.3,269.13 2 1
seculoc-back/internal/core/service/solvency.go:271.2,271.16 1 1
seculoc-back/internal/core/service/solvency.go:271.16,272.27 1 1
seculoc-back/internal/core/service/solvency.go:272.27,274.4 1 1
seculoc-back/internal/core/service/solvency.go:275.3,275.18 1 0
seculoc-back/internal/core/service/solvency.go:277.2,277.20 1 1
seculoc-back/internal/core/service/solvency.go:281.131,283.64 2 1
seculoc-back/internal/core/service/solvency.go:283.64,287.3 3 1
seculoc-back/internal/core/service/solvency.go:288.2,288.20 1 1
seculoc-back/internal/core/service/solvency.go:292.140,294.64 2 0
seculoc-back/internal/core/service/solvency.go:294.64,298.3 3 0
seculoc-back/internal/core/service/solvency.go:299.2,299.20 1 0
seculoc-back/internal/core/service/solvency.go:309.125,313.16 3 1
seculoc-back/internal/core/service/solvency.go:313.16,315.3 1 0
seculoc-back/internal/core/service/solvency.go:317.2,317.67 1 1
seculoc-back/internal/core/service/solvency.go:317.67,319.3 1 1
seculoc-back/internal/core/service/solvency.go:322.2,323.63 2 1
seculoc-back/internal/core/service/solvency.go:323.63,325.17 2 1
seculoc-back/internal/core/service/solvency.go:325.17,327.4 1 0
seculoc-back/internal/core/service/solvency.go:328.3,328.28 1 1
seculoc-back/internal/core/service/solvency.go:328.28,331.4 2 1
seculoc-back/internal/core/service/solvency.go:332.3,332.13 1 1
seculoc-back/internal/core/service/solvency.go:334.2,334.16 1 1
seculoc-back/internal/core/service/solvency.go:334.16,336.3 1 0
seculoc-back/internal/core/service/solvency.go:340.2,342.34 2 1
seculoc-back/internal/core/service/solvency.go:342.34,343.20 1 1
seculoc-back/internal/core/service/solvency.go:343.20,345.4 1 1
seculoc-back/internal/core/service/solvency.go:348.2,352.44 3 1
seculoc-back/internal/core/service/solvency.go:352.44,354.3 1 1
seculoc-back/internal/core/service/solvency.go:357.2,357.63 1 1
seculoc-back/internal/core/service/solvency.go:357.63,364.3 1 1
seculoc-back/internal/core/service/solvency.go:366.2,372.12 2 1
seculoc-back/internal/core/service/solvency.go:376.96,379.64 2 1
seculoc-back/internal/core/service/solvency.go:379.64,382.17 2 1
seculoc-back/internal/core/service/solvency.go:382.17,384.4 1 0
seculoc-back/internal/core/service/solvency.go:386.3,386.46 1 1
seculoc-back/internal/core/service/solvency.go:386.46,388.4 1 1
seculoc-back/internal/core/service/solvency.go:390.3,390.68 1 1
seculoc-back/internal/core/service/solvency.go:390.68,392.4 1 0
seculoc-back/internal/core/service/solvency.go:395.3,396.17 2 1
seculoc-back/internal/core/service/solvency.go:396.17,398.4 1 0
seculoc-back/internal/core/service/solvency.go:401.3,402.27 2 1
seculoc-back/internal/core/service/solvency.go:402.27,404.18 2 1
seculoc-back/internal/core/service/solvency.go:404.18,406.5 1 0
seculoc-back/internal/core/service/solvency.go:407.4,407.90 1 1
seculoc-back/internal/core/service/solvency.go:408.9,408.32 1 1
seculoc-back/internal/core/service/solvency.go:408.32,415.18 2 1
seculoc-back/internal/core/service/solvency.go:415.18,417.5 1 0
seculoc-back/internal/core/service/solvency.go:418.4,418.38 1 1
seculoc-back/internal/core/service/solvency.go:421.3,421.13 1 1
seculoc-back/internal/core/service/subscription.go:27.86,31.2 1 1
seculoc-back/internal/core/service/subscription.go:34.112,42.14 5 1
seculoc-back/internal/core/service/subscription.go:43.17,46.16 3 0
seculoc-back/internal/core/service/subscription.go:47.18,50.15 3 0
seculoc-back/internal/core/service/subscription.go:51.10,54.13 3 1
seculoc-back/internal/core/service/subscription.go:57.2,58.22 2 1
seculoc-back/internal/core/service/subscription.go:58.22,60.3 1 0
seculoc-back/internal/core/service/subscription.go:60.8,62.3 1 1
seculoc-back/internal/core/service/subscription.go:64.2,64.64 1 1
seculoc-back/internal/core/service/subscription.go:64.64,75.17 2 1
seculoc-back/internal/core/service/subscription.go:75.17,77.4 1 0
seculoc-back/internal/core/service/subscription.go:79.3,84.13 2 1
seculoc-back/internal/core/service/subscription.go:87.2,87.16 1 1
seculoc-back/internal/core/service/subscription.go:87.16,94.3 2 0
seculoc-back/internal/core/service/subscription.go:96.2,96.12 1 1
seculoc-back/internal/core/service/subscription.go:100.114,103.64 2 0
seculoc-back/internal/core/service/subscription.go:103.64,106.17 2 0
seculoc-back/internal/core/service/subscription.go:106.17,108.4 1 0
seculoc-back/internal/core/service/subscription.go:111.3,111.90 1 0
seculoc-back/internal/core/service/subscription.go:111.90,113.4 1 0
seculoc-back/internal/core/service/subscription.go:117.3,124.17 3 0
seculoc-back/internal/core/service/subscription.go:124.17,126.4 1 0
seculoc-back/internal/core/service/subscription.go:129.3,135.13 2 0
seculoc-back/internal/core/service/user.go:64.150,72.2 1 1
seculoc-back/internal/core/service/user.go:75.142,80.64 4 1
seculoc-back/internal/core/service/user.go:80.64,83.17 2 1
seculoc-back/internal/core/service/user.go:83.17,85.40 1 1
seculoc-back/internal/core/service/user.go:85.40,88.5 2 0
seculoc-back/internal/core/service/user.go:90.4,90.70 1 1
seculoc-back/internal/core/service/user.go:91.9,91.34 1 1
seculoc-back/internal/core/service/user.go:91.34,94.4 2 0
seculoc-back/internal/core/service/user.go:97.3,98.17 2 1
seculoc-back/internal/core/service/user.go:98.17,100.4 1 0
seculoc-back/internal/core/service/user.go:101.3,104.27 2 1
seculoc-back/internal/core/service/user.go:104.27,115.18 2 1
seculoc-back/internal/core/service/user.go:115.18,117.5 1 0
seculoc-back/internal/core/service/user.go:118.4,118.49 1 1
seculoc-back/internal/core/service/user.go:119.9,129.18 3 1
seculoc-back/internal/core/service/user.go:129.18,132.5 2 0
seculoc-back/internal/core/service/user.go:136.3,136.24 1 1
seculoc-back/internal/core/service/user.go:136.24,139.18 2 1
seculoc-back/internal/core/service/user.go:139.18,140.29 1 1
seculoc-back/internal/core/service/user.go:140.29,143.6 2 1
seculoc-back/internal/core/service/user.go:144.5,144.15 1 0
seculoc-back/internal/core/service/user.go:148.4,148.38 1 1
seculoc-back/internal/core/service/user.go:148.38,150.5 1 0
seculoc-back/internal/core/service/user.go:151.4,151.45 1 1
seculoc-back/internal/core/service/user.go:151.45,153.5 1 0
seculoc-back/internal/core/service/user.go:156.4,157.18 2 1
seculoc-back/internal/core/service/user.go:157.18,159.5 1 0
seculoc-back/internal/core/service/user.go:166.4,173.18 2 1
seculoc-back/internal/core/service/user.go:173.18,175.5 1 0
seculoc-back/internal/core/service/user.go:176.4,183.18 3 1
seculoc-back/internal/core/service/user.go:183.18,185.5 1 0
seculoc-back/internal/core/service/user.go:190.4,194.18 2 1
seculoc-back/internal/core/service/user.go:194.18,196.5 1 0
seculoc-back/internal/core/service/user.go:199.4,199.69 1 1
seculoc-back/internal/core/service/user.go:202.3,202.13 1 1
seculoc-back/internal/core/service/user.go:205.2,205.16 1 1
seculoc-back/internal/core/service/user.go:205.16,207.3 1 1
seculoc-back/internal/core/service/user.go:210.2,210.18 1 1
seculoc-back/internal/core/service/user.go:210.18,212.70 1 1
seculoc-back/internal/core/service/user.go:212.70,214.4 1 1
seculoc-back/internal/core/service/user.go:217.2,218.19 2 1
seculoc-back/internal/core/service/user.go:222.97,225.64 3 1
seculoc-back/internal/core/service/user.go:225.64,228.17 3 1
seculoc-back/internal/core/service/user.go:228.17,229.28 1 1
seculoc-back/internal/core/service/user.go:229.28,231.5 1 1
seculoc-back/internal/core/service/user.go:232.4,232.14 1 0
seculoc-back/internal/core/service/user.go:234.3,234.13 1 1
seculoc-back/internal/core/service/user.go:237.2,237.16 1 1
seculoc-back/internal/core/service/user.go:237.16,238.43 1 1
seculoc-back/internal/core/service/user.go:238.43,241.4 2 1
seculoc-back/internal/core/service/user.go:242.3,243.18 2 0
seculoc-back/internal/core/service/user.go:247.2,248.16 2 1
seculoc-back/internal/core/service/user.go:248.16,252.3 2 0
seculoc-back/internal/core/service/user.go:253.2,253.12 1 1
seculoc-back/internal/core/service/user.go:253.12,256.3 2 0
seculoc-back/internal/core/service/user.go:259.2,259.42 1 1
seculoc-back/internal/core/service/user.go:264.108,271.64 6 1
seculoc-back/internal/core/service/user.go:271.64,281.17 3 1
seculoc-back/internal/core/service/user.go:281.17,283.4 1 0
seculoc-back/internal/core/service/user.go:284.3,285.17 2 1
seculoc-back/internal/core/service/user.go:285.17,287.4 1 0
seculoc-back/internal/core/service/user.go:288.3,292.41 3 1
seculoc-back/internal/core/service/user.go:292.41,294.4 1 0
seculoc-back/internal/core/service/user.go:297.3,298.41 2 1
seculoc-back/internal/core/service/user.go:298.41,300.4 1 0
seculoc-back/internal/core/service/user.go:301.3,303.13 2 1
seculoc-back/internal/core/service/user.go:306.2,306.16 1 1
seculoc-back/internal/core/service/user.go:306.16,308.3 1 0
seculoc-back/internal/core/service/user.go:312.2,312.69 1 1
seculoc-back/internal/core/service/user.go:312.69,315.27 2 1
seculoc-back/internal/core/service/user.go:315.27,317.4 1 1
seculoc-back/internal/core/service/user.go:317.9,317.58 1 1
seculoc-back/internal/core/service/user.go:317.58,320.4 1 1
seculoc-back/internal/core/service/user.go:324.2,324.35 1 1
seculoc-back/internal/core/service/user.go:324.35,325.25 1 1
seculoc-back/internal/core/service/user.go:325.25,327.4 1 1
seculoc-back/internal/core/service/user.go:327.9,327.33 1 0
seculoc-back/internal/core/service/user.go:327.33,329.4 1 0
seculoc-back/internal/core/service/user.go:332.2,337.42 1 1
seculoc-back/internal/core/service/user.go:337.42,338.29 1 1
seculoc-back/internal/core/service/user.go:338.29,340.6 1 1
seculoc-back/internal/core/service/user.go:341.5,346.37 2 1
seculoc-back/internal/core/service/user.go:346.37,348.6 1 1
seculoc-back/internal/core/service/user.go:349.5,349.37 1 1
seculoc-back/internal/core/service/user.go:349.37,351.6 1 1
seculoc-back/internal/core/service/user.go:352.5,352.35 1 1
seculoc-back/internal/core/service/user.go:352.35,354.6 1 0
seculoc-back/internal/core/service/user.go:355.5,355.15 1 1
seculoc-back/internal/core/service/user.go:363.94,365.64 2 1
seculoc-back/internal/core/service/user.go:365.64,367.17 2 1
seculoc-back/internal/core/service/user.go:367.17,369.4 1 0
seculoc-back/internal/core/service/user.go:370.3,371.13 2 1
seculoc-back/internal/core/service/user.go:373.2,373.16 1 1
seculoc-back/internal/core/service/user.go:373.16,375.3 1 0
seculoc-back/internal/core/service/user.go:376.2,376.19 1 1
seculoc-back/internal/core/service/user.go:381.117,386.64 3 1
seculoc-back/internal/core/service/user.go:386.64,389.31 2 1
seculoc-back/internal/core/service/user.go:389.31,392.4 1 1
seculoc-back/internal/core/service/user.go:392.9,392.39 1 1
seculoc-back/internal/core/service/user.go:392.39,395.18 2 1
seculoc-back/internal/core/service/user.go:395.18,397.5 1 0
seculoc-back/internal/core/service/user.go:398.4,399.18 2 1
seculoc-back/internal/core/service/user.go:399.18,401.5 1 0
seculoc-back/internal/core/service/user.go:402.4,402.54 1 1
seculoc-back/internal/core/service/user.go:403.9,405.4 1 0
seculoc-back/internal/core/service/user.go:407.3,407.15 1 1
seculoc-back/internal/core/service/user.go:407.15,409.4 1 0
seculoc-back/internal/core/service/user.go:412.3,416.17 2 1
seculoc-back/internal/core/service/user.go:416.17,418.4 1 0
seculoc-back/internal/core/service/user.go:420.3,420.13 1 1
seculoc-back/internal/core/service/user.go:423.2,423.16 1 1
seculoc-back/internal/core/service/user.go:423.16,426.3 2 0
seculoc-back/internal/core/service/user.go:430.2,431.16 2 1
seculoc-back/internal/core/service/user.go:431.16,433.3 1 0
seculoc-back/internal/core/service/user.go:437.2,438.16 2 1
seculoc-back/internal/core/service/user.go:438.16,440.3 1 0
seculoc-back/internal/core/service/user.go:443.2,443.54 1 1
seculoc-back/internal/core/service/user.go:443.54,448.3 1 0
seculoc-back/internal/core/service/user.go:450.2,450.22 1 1
seculoc-back/internal/platform/auth/password.go:28.52,32.43 3 1
seculoc-back/internal/platform/auth/password.go:32.43,34.3 1 0
seculoc-back/internal/platform/auth/password.go:36.2,45.25 5 1
seculoc-back/internal/platform/auth/password.go:49.68,51.21 2 1
seculoc-back/internal/platform/auth/password.go:51.21,53.3 1 0
seculoc-back/internal/platform/auth/password.go:55.2,55.28 1 1
seculoc-back/internal/platform/auth/password.go:55.28,57.3 1 0
seculoc-back/internal/platform/auth/password.go:59.2,61.16 3 1
seculoc-back/internal/platform/auth/password.go:61.16,63.3 1 0
seculoc-back/internal/platform/auth/password.go:64.2,64.31 1 1
seculoc-back/internal/platform/auth/password.go:64.31,66.3 1 0
seculoc-back/internal/platform/auth/password.go:68.2,70.16 3 1
seculoc-back/internal/platform/auth/password.go:70.16,72.3 1 0
seculoc-back/internal/platform/auth/password.go:74.2,75.16 2 1
seculoc-back/internal/platform/auth/password.go:75.16,77.3 1 0
seculoc-back/internal/platform/auth/password.go:79.2,80.16 2 1
seculoc-back/internal/platform/auth/password.go:80.16,82.3 1 0
seculoc-back/internal/platform/auth/password.go:83.2,87.66 3 1
seculoc-back/internal/platform/auth/password.go:87.66,89.3 1 1
seculoc-back/internal/platform/auth/password.go:90.2,90.19 1 0
seculoc-back/internal/platform/auth/token.go:21.80,23.18 2 1
seculoc-back/internal/platform/auth/token.go:23.18,25.3 1 0
seculoc-back/internal/platform/auth/token.go:27.2,28.16 2 1
seculoc-back/internal/platform/auth/token.go:28.16,30.3 1 1
seculoc-back/internal/platform/auth/token.go:32.2,45.43 4 1
seculoc-back/internal/platform/auth/token.go:49.57,51.18 2 1
seculoc-back/internal/platform/auth/token.go:51.18,53.3 1 0
seculoc-back/internal/platform/auth/token.go:55.2,55.104 1 1
seculoc-back/internal/platform/auth/token.go:55.104,56.58 1 1
seculoc-back/internal/platform/auth/token.go:56.58,58.4 1 0
seculoc-back/internal/platform/auth/token.go:59.3,59.29 1 1
seculoc-back/internal/platform/auth/token.go:62.2,62.16 1 1
seculoc-back/internal/platform/auth/token.go:62.16,64.3 1 0
seculoc-back/internal/platform/auth/token.go:66.2,66.61 1 1
seculoc-back/internal/platform/auth/token.go:66.61,68.3 1 1
seculoc-back/internal/platform/auth/token.go:70.2,70.29 1 0
seculoc-back/internal/platform/email/sender.go:18.62,20.2 1 1
seculoc-back/internal/platform/email/sender.go:22.91,29.2 5 1
seculoc-back/internal/platform/logger/logger.go:19.23,20.17 1 1
seculoc-back/internal/platform/logger/logger.go:20.17,30.26 8 1
seculoc-back/internal/platform/logger/logger.go:30.26,33.4 2 0
seculoc-back/internal/platform/logger/logger.go:33.9,37.4 3 1
seculoc-back/internal/platform/logger/logger.go:39.3,47.17 5 1
seculoc-back/internal/platform/logger/logger.go:47.17,48.14 1 0
seculoc-back/internal/platform/logger/logger.go:54.24,55.19 1 1
seculoc-back/internal/platform/logger/logger.go:55.19,59.3 1 0
seculoc-back/internal/platform/logger/logger.go:60.2,60.15 1 1
seculoc-back/internal/platform/logger/logger.go:64.32,66.2 1 0
seculoc-back/internal/platform/logger/logger.go:69.46,71.2 1 0
seculoc-back/internal/platform/logger/logger.go:74.13,75.19 1 0
seculoc-back/internal/platform/logger/logger.go:75.19,77.3 1 0
seculoc-back/internal/platform/logger/logger.go:81.51,82.16 1 1
seculoc-back/internal/platform/logger/logger.go:82.16,84.3 1 0
seculoc-back/internal/platform/logger/logger.go:86.2,86.52 1 1
seculoc-back/internal/platform/logger/logger.go:86.52,88.3 1 1
seculoc-back/internal/platform/logger/logger.go:89.2,89.14 1 0
